#
# There is insufficient memory for the Java Runtime Environment to continue.
# Native memory allocation (mmap) failed to map 65536 bytes for Failed to commit metaspace.
# Possible reasons:
#   The system is out of physical RAM or swap space
#   The process is running with CompressedOops enabled, and the Java Heap may be blocking the growth of the native heap
# Possible solutions:
#   Reduce memory load on the system
#   Increase physical memory or swap space
#   Check if swap backing store is full
#   Decrease Java heap size (-Xmx/-Xms)
#   Decrease number of Java threads
#   Decrease Java thread stack sizes (-Xss)
#   Set larger code cache with -XX:ReservedCodeCacheSize=
#   JVM is running with Unscaled Compressed Oops mode in which the Java heap is
#     placed in the first 4GB address space. The Java Heap base address is the
#     maximum limit for the native heap growth. Please use -XX:HeapBaseMinAddress
#     to set the Java Heap base and to place the Java Heap above 4GB virtual address.
# This output file may be truncated or incomplete.
#
#  Out of Memory Error (virtualSpaceNode.cpp:110), pid=9272, tid=12520
#
# JRE version: Java(TM) SE Runtime Environment (17.0.3.1+2) (build 17.0.3.1+2-LTS-6)
# Java VM: Java HotSpot(TM) 64-Bit Server VM (17.0.3.1+2-LTS-6, mixed mode, sharing, tiered, compressed oops, compressed class ptrs, g1 gc, windows-amd64)
# No core dump will be written. Minidumps are not enabled by default on client versions of Windows
#

---------------  S U M M A R Y ------------

Command Line: --add-opens=java.base/java.util=ALL-UNNAMED --add-opens=java.base/java.lang=ALL-UNNAMED --add-opens=java.base/java.lang.invoke=ALL-UNNAMED --add-opens=java.base/java.util=ALL-UNNAMED --add-opens=java.prefs/java.util.prefs=ALL-UNNAMED --add-opens=java.prefs/java.util.prefs=ALL-UNNAMED --add-opens=java.base/java.nio.charset=ALL-UNNAMED --add-opens=java.base/java.net=ALL-UNNAMED --add-opens=java.base/java.util.concurrent.atomic=ALL-UNNAMED -XX:MaxMetaspaceSize=256m -XX:+HeapDumpOnOutOfMemoryError -Xms256m -Xmx512m -Dfile.encoding=windows-1252 -Duser.country=US -Duser.language=en -Duser.variant org.gradle.launcher.daemon.bootstrap.GradleDaemon 7.5

Host: Intel(R) Core(TM) i3-5005U CPU @ 2.00GHz, 4 cores, 7G,  Windows 10 , 64 bit Build 19041 (10.0.19041.1706)
Time: Sat Mar 18 14:36:58 2023 Sri Lanka Standard Time elapsed time: 5868.864570 seconds (0d 1h 37m 48s)

---------------  T H R E A D  ---------------

Current thread (0x00000183a5c0ee30):  JavaThread "C1 CompilerThread0" daemon [_thread_in_vm, id=12520, stack(0x00000053d4a00000,0x00000053d4b00000)]


Current CompileTask:
C1:5868865 21492       3       java.util.IdentityHashMap::closeDeletion (107 bytes)

Stack: [0x00000053d4a00000,0x00000053d4b00000]
Native frames: (J=compiled Java code, j=interpreted, Vv=VM code, C=native code)
V  [jvm.dll+0x6711ba]
V  [jvm.dll+0x7d0834]
V  [jvm.dll+0x7d1fde]
V  [jvm.dll+0x7d2643]
V  [jvm.dll+0x242c85]
V  [jvm.dll+0x7cc7db]
V  [jvm.dll+0x616f96]
V  [jvm.dll+0x616ffa]
V  [jvm.dll+0x61980a]
V  [jvm.dll+0x617936]
V  [jvm.dll+0x628aaa]
V  [jvm.dll+0x6218ba]
V  [jvm.dll+0x1ca3f0]
V  [jvm.dll+0x1ca5df]
V  [jvm.dll+0x13203e]
V  [jvm.dll+0x132366]
V  [jvm.dll+0x1317fa]
V  [jvm.dll+0x1334c1]
V  [jvm.dll+0x2249c8]
V  [jvm.dll+0x222b2c]
V  [jvm.dll+0x78650b]
V  [jvm.dll+0x780aca]
V  [jvm.dll+0x670045]
C  [ucrtbase.dll+0x21bb2]
C  [KERNEL32.DLL+0x17034]
C  [ntdll.dll+0x52651]


---------------  P R O C E S S  ---------------

Threads class SMR info:
_java_thread_list=0x00000183af3941c0, length=84, elements={
0x000001838bbce7f0, 0x00000183a5bf1d40, 0x00000183a5bf2ac0, 0x00000183a5c08c20,
0x00000183a5c0c660, 0x00000183a5c0cf20, 0x00000183a5c0d7e0, 0x00000183a5c0e480,
0x00000183a5c0ee30, 0x00000183a5c10740, 0x00000183a68ccfc0, 0x00000183a68cdac0,
0x00000183a780ab30, 0x00000183a7c1edf0, 0x00000183a7cf91e0, 0x00000183a8154ba0,
0x00000183a8155070, 0x00000183a8153860, 0x00000183a81546d0, 0x00000183a81516b0,
0x00000183a81529f0, 0x00000183a74c4d10, 0x00000183a74c2690, 0x00000183a74c09b0,
0x00000183a74c2b60, 0x00000183a74c6520, 0x00000183aa69a9e0, 0x00000183aa696b50,
0x00000183a74c69f0, 0x00000183a74c7860, 0x00000183a74c7390, 0x00000183a74c7d30,
0x00000183a74c04e0, 0x00000183a74c4370, 0x00000183a74c3030, 0x00000183a74c3ea0,
0x00000183a74c1820, 0x00000183a74c0e80, 0x00000183aa9fa6a0, 0x00000183aa9fa1d0,
0x00000183aa9f9360, 0x00000183aa9f89c0, 0x00000183aa9f6810, 0x00000183aa9fab70,
0x00000183aa9f9830, 0x00000183aa9f71b0, 0x00000183aa9fc850, 0x00000183aa9f59a0,
0x00000183aa9f8e90, 0x00000183aa9f7680, 0x00000183aa9fb040, 0x00000183aa9fb510,
0x00000183aa9fb9e0, 0x00000183aa9fbeb0, 0x00000183aa9fc380, 0x00000183aa9f5000,
0x00000183aa9f54d0, 0x00000183ab394da0, 0x00000183ab3930c0, 0x00000183ab3978f0,
0x00000183ab395270, 0x00000183ab398760, 0x00000183ab396f50, 0x00000183ab3960e0,
0x00000183ab399f70, 0x00000183ab394400, 0x00000183ab39a440, 0x00000183ab392bf0,
0x00000183ab393590, 0x00000183ab3948d0, 0x00000183ab395c10, 0x00000183ab3965b0,
0x00000183ab396a80, 0x00000183ab397420, 0x00000183ab398c30, 0x00000183ab399100,
0x00000183ab393a60, 0x00000183ae9241a0, 0x00000183ae922990, 0x00000183ae9259b0,
0x00000183ae921ff0, 0x00000183ae925010, 0x00000183ae923800, 0x00000183ae922e60
}

Java Threads: ( => current thread )
  0x000001838bbce7f0 JavaThread "main" [_thread_blocked, id=14284, stack(0x00000053d3c00000,0x00000053d3d00000)]
  0x00000183a5bf1d40 JavaThread "Reference Handler" daemon [_thread_blocked, id=11572, stack(0x00000053d4300000,0x00000053d4400000)]
  0x00000183a5bf2ac0 JavaThread "Finalizer" daemon [_thread_blocked, id=11480, stack(0x00000053d4400000,0x00000053d4500000)]
  0x00000183a5c08c20 JavaThread "Signal Dispatcher" daemon [_thread_blocked, id=6260, stack(0x00000053d4500000,0x00000053d4600000)]
  0x00000183a5c0c660 JavaThread "Attach Listener" daemon [_thread_blocked, id=9796, stack(0x00000053d4600000,0x00000053d4700000)]
  0x00000183a5c0cf20 JavaThread "Service Thread" daemon [_thread_blocked, id=8220, stack(0x00000053d4700000,0x00000053d4800000)]
  0x00000183a5c0d7e0 JavaThread "Monitor Deflation Thread" daemon [_thread_blocked, id=11872, stack(0x00000053d4800000,0x00000053d4900000)]
  0x00000183a5c0e480 JavaThread "C2 CompilerThread0" daemon [_thread_blocked, id=9264, stack(0x00000053d4900000,0x00000053d4a00000)]
=>0x00000183a5c0ee30 JavaThread "C1 CompilerThread0" daemon [_thread_in_vm, id=12520, stack(0x00000053d4a00000,0x00000053d4b00000)]
  0x00000183a5c10740 JavaThread "Sweeper thread" daemon [_thread_blocked, id=7668, stack(0x00000053d4b00000,0x00000053d4c00000)]
  0x00000183a68ccfc0 JavaThread "Common-Cleaner" daemon [_thread_blocked, id=11576, stack(0x00000053d4c00000,0x00000053d4d00000)]
  0x00000183a68cdac0 JavaThread "Notification Thread" daemon [_thread_blocked, id=4944, stack(0x00000053d4d00000,0x00000053d4e00000)]
  0x00000183a780ab30 JavaThread "Daemon health stats" [_thread_blocked, id=13596, stack(0x00000053d5200000,0x00000053d5300000)]
  0x00000183a7c1edf0 JavaThread "Incoming local TCP Connector on port 56018" [_thread_in_native, id=11360, stack(0x00000053d5300000,0x00000053d5400000)]
  0x00000183a7cf91e0 JavaThread "Daemon periodic checks" [_thread_blocked, id=12124, stack(0x00000053d5400000,0x00000053d5500000)]
  0x00000183a8154ba0 JavaThread "Cache worker for journal cache (C:\Users\Chathuni Madhusha\.gradle\caches\journal-1)" [_thread_blocked, id=6812, stack(0x00000053d5c00000,0x00000053d5d00000)]
  0x00000183a8155070 JavaThread "File lock request listener" [_thread_in_native, id=12180, stack(0x00000053d5d00000,0x00000053d5e00000)]
  0x00000183a8153860 JavaThread "Cache worker for file hash cache (C:\Users\Chathuni Madhusha\.gradle\caches\7.5\fileHashes)" [_thread_blocked, id=32, stack(0x00000053d5e00000,0x00000053d5f00000)]
  0x00000183a81546d0 JavaThread "File watcher server" daemon [_thread_in_native, id=1264, stack(0x00000053d6000000,0x00000053d6100000)]
  0x00000183a81516b0 JavaThread "File watcher consumer" daemon [_thread_blocked, id=10292, stack(0x00000053d6100000,0x00000053d6200000)]
  0x00000183a81529f0 JavaThread "Cache worker for file content cache (C:\Users\Chathuni Madhusha\.gradle\caches\7.5\fileContent)" [_thread_blocked, id=9512, stack(0x00000053d6400000,0x00000053d6500000)]
  0x00000183a74c4d10 JavaThread "Cache worker for execution history cache (C:\Users\Chathuni Madhusha\.gradle\caches\7.5\executionHistory)" [_thread_blocked, id=13924, stack(0x00000053d6700000,0x00000053d6800000)]
  0x00000183a74c2690 JavaThread "jar transforms" [_thread_blocked, id=4288, stack(0x00000053d6800000,0x00000053d6900000)]
  0x00000183a74c09b0 JavaThread "jar transforms Thread 2" [_thread_blocked, id=1992, stack(0x00000053d6900000,0x00000053d6a00000)]
  0x00000183a74c2b60 JavaThread "jar transforms Thread 3" [_thread_blocked, id=12084, stack(0x00000053d5f00000,0x00000053d6000000)]
  0x00000183a74c6520 JavaThread "jar transforms Thread 4" [_thread_blocked, id=7908, stack(0x00000053d6a00000,0x00000053d6b00000)]
  0x00000183aa69a9e0 JavaThread "Memory manager" [_thread_blocked, id=13456, stack(0x00000053d8500000,0x00000053d8600000)]
  0x00000183aa696b50 JavaThread "Cache worker for Java compile cache (C:\Users\Chathuni Madhusha\.gradle\caches\7.5\javaCompile)" [_thread_blocked, id=11748, stack(0x00000053d5600000,0x00000053d5700000)]
  0x00000183a74c69f0 JavaThread "Daemon Thread 19" [_thread_blocked, id=5112, stack(0x00000053d3a00000,0x00000053d3b00000)]
  0x00000183a74c7860 JavaThread "Daemon Thread 20" [_thread_blocked, id=9184, stack(0x00000053d5500000,0x00000053d5600000)]
  0x00000183a74c7390 JavaThread "Handler for socket connection from /127.0.0.1:56018 to /127.0.0.1:56731" [_thread_in_vm, id=12128, stack(0x00000053d3b00000,0x00000053d3c00000)]
  0x00000183a74c7d30 JavaThread "Cancel handler" [_thread_blocked, id=2500, stack(0x00000053d5700000,0x00000053d5800000)]
  0x00000183a74c04e0 JavaThread "Daemon worker Thread 15" [_thread_in_native, id=3572, stack(0x00000053d5800000,0x00000053d5900000)]
  0x00000183a74c4370 JavaThread "Asynchronous log dispatcher for DefaultDaemonConnection: socket connection from /127.0.0.1:56018 to /127.0.0.1:56731" [_thread_blocked, id=8744, stack(0x00000053d5900000,0x00000053d5a00000)]
  0x00000183a74c3030 JavaThread "Stdin handler" [_thread_in_vm, id=616, stack(0x00000053d5a00000,0x00000053d5b00000)]
  0x00000183a74c3ea0 JavaThread "Cache worker for checksums cache (C:\Project\Project\nanasala\.gradle\7.5\checksums)" [_thread_blocked, id=11368, stack(0x00000053d6200000,0x00000053d6300000)]
  0x00000183a74c1820 JavaThread "Cache worker for cache directory md-rule (C:\Users\Chathuni Madhusha\.gradle\caches\7.5\md-rule)" [_thread_blocked, id=4400, stack(0x00000053d6300000,0x00000053d6400000)]
  0x00000183a74c0e80 JavaThread "Cache worker for file hash cache (C:\Project\Project\nanasala\.gradle\7.5\fileHashes)" [_thread_blocked, id=12356, stack(0x00000053d6500000,0x00000053d6600000)]
  0x00000183aa9fa6a0 JavaThread "Cache worker for dependencies-accessors (C:\Project\Project\nanasala\.gradle\7.5\dependencies-accessors)" [_thread_blocked, id=2372, stack(0x00000053d6b00000,0x00000053d6c00000)]
  0x00000183aa9fa1d0 JavaThread "Unconstrained build operations" [_thread_blocked, id=4448, stack(0x00000053d7000000,0x00000053d7100000)]
  0x00000183aa9f9360 JavaThread "Unconstrained build operations Thread 2" [_thread_blocked, id=4768, stack(0x00000053d7100000,0x00000053d7200000)]
  0x00000183aa9f89c0 JavaThread "Unconstrained build operations Thread 3" [_thread_blocked, id=11560, stack(0x00000053d7200000,0x00000053d7300000)]
  0x00000183aa9f6810 JavaThread "Unconstrained build operations Thread 4" [_thread_blocked, id=13120, stack(0x00000053d7300000,0x00000053d7400000)]
  0x00000183aa9fab70 JavaThread "Unconstrained build operations Thread 5" [_thread_blocked, id=9600, stack(0x00000053d7400000,0x00000053d7500000)]
  0x00000183aa9f9830 JavaThread "Unconstrained build operations Thread 6" [_thread_blocked, id=6420, stack(0x00000053d7500000,0x00000053d7600000)]
  0x00000183aa9f71b0 JavaThread "Unconstrained build operations Thread 7" [_thread_blocked, id=12776, stack(0x00000053d7600000,0x00000053d7700000)]
  0x00000183aa9fc850 JavaThread "Unconstrained build operations Thread 8" [_thread_blocked, id=3008, stack(0x00000053d7700000,0x00000053d7800000)]
  0x00000183aa9f59a0 JavaThread "Unconstrained build operations Thread 9" [_thread_blocked, id=1020, stack(0x00000053d7800000,0x00000053d7900000)]
  0x00000183aa9f8e90 JavaThread "Unconstrained build operations Thread 10" [_thread_blocked, id=8160, stack(0x00000053d7900000,0x00000053d7a00000)]
  0x00000183aa9f7680 JavaThread "Unconstrained build operations Thread 11" [_thread_blocked, id=13140, stack(0x00000053d7a00000,0x00000053d7b00000)]
  0x00000183aa9fb040 JavaThread "Unconstrained build operations Thread 12" [_thread_blocked, id=7804, stack(0x00000053d7b00000,0x00000053d7c00000)]
  0x00000183aa9fb510 JavaThread "Unconstrained build operations Thread 13" [_thread_blocked, id=11412, stack(0x00000053d7c00000,0x00000053d7d00000)]
  0x00000183aa9fb9e0 JavaThread "Unconstrained build operations Thread 14" [_thread_blocked, id=11236, stack(0x00000053d7d00000,0x00000053d7e00000)]
  0x00000183aa9fbeb0 JavaThread "Unconstrained build operations Thread 15" [_thread_blocked, id=3132, stack(0x00000053d7e00000,0x00000053d7f00000)]
  0x00000183aa9fc380 JavaThread "Unconstrained build operations Thread 16" [_thread_blocked, id=13772, stack(0x00000053d7f00000,0x00000053d8000000)]
  0x00000183aa9f5000 JavaThread "Unconstrained build operations Thread 17" [_thread_blocked, id=6184, stack(0x00000053d8000000,0x00000053d8100000)]
  0x00000183aa9f54d0 JavaThread "Unconstrained build operations Thread 18" [_thread_blocked, id=10036, stack(0x00000053d8100000,0x00000053d8200000)]
  0x00000183ab394da0 JavaThread "Unconstrained build operations Thread 19" [_thread_blocked, id=11976, stack(0x00000053d8200000,0x00000053d8300000)]
  0x00000183ab3930c0 JavaThread "included builds" [_thread_blocked, id=948, stack(0x00000053d8300000,0x00000053d8400000)]
  0x00000183ab3978f0 JavaThread "Execution worker" [_thread_blocked, id=12576, stack(0x00000053d8400000,0x00000053d8500000)]
  0x00000183ab395270 JavaThread "Execution worker Thread 2" [_thread_blocked, id=1196, stack(0x00000053d8600000,0x00000053d8700000)]
  0x00000183ab398760 JavaThread "Execution worker Thread 3" [_thread_blocked, id=5520, stack(0x00000053d8700000,0x00000053d8800000)]
  0x00000183ab396f50 Thread [stack: 0x00000053d8800000,0x00000053d8900000] [id=9352]
  0x00000183ab3960e0 JavaThread "Unconstrained build operations Thread 20" [_thread_blocked, id=14152, stack(0x00000053d8900000,0x00000053d8a00000)]
  0x00000183ab399f70 JavaThread "Unconstrained build operations Thread 21" [_thread_blocked, id=10364, stack(0x00000053d8a00000,0x00000053d8b00000)]
  0x00000183ab394400 JavaThread "Unconstrained build operations Thread 22" [_thread_blocked, id=13352, stack(0x00000053d8b00000,0x00000053d8c00000)]
  0x00000183ab39a440 JavaThread "Unconstrained build operations Thread 23" [_thread_blocked, id=6728, stack(0x00000053d8c00000,0x00000053d8d00000)]
  0x00000183ab392bf0 JavaThread "Unconstrained build operations Thread 24" [_thread_blocked, id=11464, stack(0x00000053d8d00000,0x00000053d8e00000)]
  0x00000183ab393590 JavaThread "Unconstrained build operations Thread 25" [_thread_blocked, id=12732, stack(0x00000053d8e00000,0x00000053d8f00000)]
  0x00000183ab3948d0 JavaThread "Unconstrained build operations Thread 26" [_thread_blocked, id=5280, stack(0x00000053d8f00000,0x00000053d9000000)]
  0x00000183ab395c10 JavaThread "Unconstrained build operations Thread 27" [_thread_blocked, id=9528, stack(0x00000053d9000000,0x00000053d9100000)]
  0x00000183ab3965b0 JavaThread "Unconstrained build operations Thread 28" [_thread_blocked, id=13244, stack(0x00000053d9100000,0x00000053d9200000)]
  0x00000183ab396a80 JavaThread "Unconstrained build operations Thread 29" [_thread_blocked, id=13484, stack(0x00000053d9200000,0x00000053d9300000)]
  0x00000183ab397420 JavaThread "Unconstrained build operations Thread 30" [_thread_blocked, id=5380, stack(0x00000053d9300000,0x00000053d9400000)]
  0x00000183ab398c30 JavaThread "Unconstrained build operations Thread 31" [_thread_blocked, id=1008, stack(0x00000053d9400000,0x00000053d9500000)]
  0x00000183ab399100 JavaThread "Unconstrained build operations Thread 32" [_thread_blocked, id=11364, stack(0x00000053d9500000,0x00000053d9600000)]
  0x00000183ab393a60 JavaThread "Unconstrained build operations Thread 33" [_thread_blocked, id=11188, stack(0x00000053d9600000,0x00000053d9700000)]
  0x00000183ae9241a0 JavaThread "Unconstrained build operations Thread 34" [_thread_blocked, id=4680, stack(0x00000053d9700000,0x00000053d9800000)]
  0x00000183ae922990 JavaThread "Unconstrained build operations Thread 35" [_thread_blocked, id=10992, stack(0x00000053d9800000,0x00000053d9900000)]
  0x00000183ae9259b0 JavaThread "Unconstrained build operations Thread 36" [_thread_blocked, id=5096, stack(0x00000053d9900000,0x00000053d9a00000)]
  0x00000183ae921ff0 JavaThread "Unconstrained build operations Thread 37" [_thread_blocked, id=8588, stack(0x00000053d9a00000,0x00000053d9b00000)]
  0x00000183ae925010 JavaThread "Unconstrained build operations Thread 38" [_thread_blocked, id=12604, stack(0x00000053d9b00000,0x00000053d9c00000)]
  0x00000183ae923800 JavaThread "Unconstrained build operations Thread 39" [_thread_blocked, id=10380, stack(0x00000053d9c00000,0x00000053d9d00000)]
  0x00000183ae922e60 JavaThread "Unconstrained build operations Thread 40" [_thread_blocked, id=8052, stack(0x00000053d9d00000,0x00000053d9e00000)]

Other Threads:
  0x00000183a5bea190 VMThread "VM Thread" [stack: 0x00000053d4200000,0x00000053d4300000] [id=6736]
  0x00000183a68d1fb0 WatcherThread [stack: 0x00000053d4e00000,0x00000053d4f00000] [id=1336]
  0x000001838bbfc890 GCTaskThread "GC Thread#0" [stack: 0x00000053d3d00000,0x00000053d3e00000] [id=11900]
  0x00000183a6cd59c0 GCTaskThread "GC Thread#1" [stack: 0x00000053d4f00000,0x00000053d5000000] [id=11384]
  0x00000183a6bdcdb0 GCTaskThread "GC Thread#2" [stack: 0x00000053d5000000,0x00000053d5100000] [id=11472]
  0x00000183a6abb570 GCTaskThread "GC Thread#3" [stack: 0x00000053d5100000,0x00000053d5200000] [id=2264]
  0x000001838bc026f0 ConcurrentGCThread "G1 Main Marker" [stack: 0x00000053d3e00000,0x00000053d3f00000] [id=11288]
  0x000001838bc03010 ConcurrentGCThread "G1 Conc#0" [stack: 0x00000053d3f00000,0x00000053d4000000] [id=496]
  0x000001838bcad130 ConcurrentGCThread "G1 Refine#0" [stack: 0x00000053d4000000,0x00000053d4100000] [id=11936]
  0x00000183aa6d7c10 ConcurrentGCThread "G1 Refine#1" [stack: 0x00000053d6d00000,0x00000053d6e00000] [id=9084]
  0x00000183aa6d6db0 ConcurrentGCThread "G1 Refine#2" [stack: 0x00000053d6e00000,0x00000053d6f00000] [id=12792]
  0x00000183aa6d7930 ConcurrentGCThread "G1 Refine#3" [stack: 0x00000053d6f00000,0x00000053d7000000] [id=9500]
  0x000001838bcada60 ConcurrentGCThread "G1 Service" [stack: 0x00000053d4100000,0x00000053d4200000] [id=12656]

Threads with active compile tasks:
C1 CompilerThread0  5868955 21492       3       java.util.IdentityHashMap::closeDeletion (107 bytes)

VM state: not at safepoint (normal execution)

VM Mutex/Monitor currently owned by a thread:  ([mutex/lock_event])
[0x000001838bbc9640] Metaspace_lock - owner thread: 0x00000183a5c0ee30
[0x000001838bbcaa40] MethodData_lock - owner thread: 0x00000183a5c0ee30

OutOfMemory and StackOverflow Exception counts:
StackOverflowErrors=2
LinkageErrors=154

Heap address: 0x00000000e0000000, size: 512 MB, Compressed Oops mode: 32-bit

CDS archive(s) mapped at: [0x0000000800000000-0x0000000800bc0000-0x0000000800bc0000), size 12320768, SharedBaseAddress: 0x0000000800000000, ArchiveRelocationMode: 0.
Compressed class space mapped at: 0x0000000800c00000-0x000000080dc00000, reserved size: 218103808
Narrow klass base: 0x0000000800000000, Narrow klass shift: 0, Narrow klass range: 0x100000000

GC Precious Log:
 CPUs: 4 total, 4 available
 Memory: 8107M
 Large Page Support: Disabled
 NUMA Support: Disabled
 Compressed Oops: Enabled (32-bit)
 Heap Region Size: 1M
 Heap Min Capacity: 256M
 Heap Initial Capacity: 256M
 Heap Max Capacity: 512M
 Pre-touch: Disabled
 Parallel Workers: 4
 Concurrent Workers: 1
 Concurrent Refinement Workers: 4
 Periodic GC: Disabled

Heap:
 garbage-first heap   total 262144K, used 130674K [0x00000000e0000000, 0x0000000100000000)
  region size 1024K, 19 young (19456K), 6 survivors (6144K)
 Metaspace       used 79971K, committed 81024K, reserved 286720K
  class space    used 10206K, committed 10688K, reserved 212992K

Heap Regions: E=young(eden), S=young(survivor), O=old, HS=humongous(starts), HC=humongous(continues), CS=collection set, F=free, OA=open archive, CA=closed archive, TAMS=top-at-mark-start (previous, next)
|   0|0x00000000e0000000, 0x00000000e0100000, 0x00000000e0100000|100%|HS|  |TAMS 0x00000000e0100000, 0x00000000e0000000| Complete 
|   1|0x00000000e0100000, 0x00000000e0200000, 0x00000000e0200000|100%|HC|  |TAMS 0x00000000e0200000, 0x00000000e0100000| Complete 
|   2|0x00000000e0200000, 0x00000000e0300000, 0x00000000e0300000|100%|HC|  |TAMS 0x00000000e0300000, 0x00000000e0200000| Complete 
|   3|0x00000000e0300000, 0x00000000e0400000, 0x00000000e0400000|100%| O|  |TAMS 0x00000000e0400000, 0x00000000e0300000| Untracked 
|   4|0x00000000e0400000, 0x00000000e0500000, 0x00000000e0500000|100%| O|  |TAMS 0x00000000e0500000, 0x00000000e0400000| Untracked 
|   5|0x00000000e0500000, 0x00000000e0600000, 0x00000000e0600000|100%| O|  |TAMS 0x00000000e0600000, 0x00000000e0500000| Untracked 
|   6|0x00000000e0600000, 0x00000000e0700000, 0x00000000e0700000|100%| O|  |TAMS 0x00000000e0700000, 0x00000000e0600000| Untracked 
|   7|0x00000000e0700000, 0x00000000e0800000, 0x00000000e0800000|100%| O|  |TAMS 0x00000000e0800000, 0x00000000e0700000| Untracked 
|   8|0x00000000e0800000, 0x00000000e0900000, 0x00000000e0900000|100%| O|  |TAMS 0x00000000e0900000, 0x00000000e0800000| Untracked 
|   9|0x00000000e0900000, 0x00000000e0a00000, 0x00000000e0a00000|100%| O|  |TAMS 0x00000000e0a00000, 0x00000000e0900000| Untracked 
|  10|0x00000000e0a00000, 0x00000000e0b00000, 0x00000000e0b00000|100%| O|  |TAMS 0x00000000e0b00000, 0x00000000e0a00000| Untracked 
|  11|0x00000000e0b00000, 0x00000000e0c00000, 0x00000000e0c00000|100%| O|  |TAMS 0x00000000e0c00000, 0x00000000e0b00000| Untracked 
|  12|0x00000000e0c00000, 0x00000000e0d00000, 0x00000000e0d00000|100%| O|  |TAMS 0x00000000e0d00000, 0x00000000e0c00000| Untracked 
|  13|0x00000000e0d00000, 0x00000000e0e00000, 0x00000000e0e00000|100%| O|  |TAMS 0x00000000e0e00000, 0x00000000e0d00000| Untracked 
|  14|0x00000000e0e00000, 0x00000000e0f00000, 0x00000000e0f00000|100%| O|  |TAMS 0x00000000e0f00000, 0x00000000e0e00000| Untracked 
|  15|0x00000000e0f00000, 0x00000000e1000000, 0x00000000e1000000|100%| O|  |TAMS 0x00000000e1000000, 0x00000000e0f00000| Untracked 
|  16|0x00000000e1000000, 0x00000000e1100000, 0x00000000e1100000|100%| O|  |TAMS 0x00000000e1100000, 0x00000000e1000000| Untracked 
|  17|0x00000000e1100000, 0x00000000e1200000, 0x00000000e1200000|100%| O|  |TAMS 0x00000000e1200000, 0x00000000e1100000| Untracked 
|  18|0x00000000e1200000, 0x00000000e1300000, 0x00000000e1300000|100%| O|  |TAMS 0x00000000e1300000, 0x00000000e1200000| Untracked 
|  19|0x00000000e1300000, 0x00000000e1400000, 0x00000000e1400000|100%| O|  |TAMS 0x00000000e1400000, 0x00000000e1300000| Untracked 
|  20|0x00000000e1400000, 0x00000000e1500000, 0x00000000e1500000|100%| O|  |TAMS 0x00000000e1500000, 0x00000000e1400000| Untracked 
|  21|0x00000000e1500000, 0x00000000e1600000, 0x00000000e1600000|100%| O|  |TAMS 0x00000000e1600000, 0x00000000e1500000| Untracked 
|  22|0x00000000e1600000, 0x00000000e1700000, 0x00000000e1700000|100%| O|  |TAMS 0x00000000e1700000, 0x00000000e1600000| Untracked 
|  23|0x00000000e1700000, 0x00000000e1800000, 0x00000000e1800000|100%| O|  |TAMS 0x00000000e1800000, 0x00000000e1700000| Untracked 
|  24|0x00000000e1800000, 0x00000000e1900000, 0x00000000e1900000|100%| O|  |TAMS 0x00000000e1900000, 0x00000000e1800000| Untracked 
|  25|0x00000000e1900000, 0x00000000e1a00000, 0x00000000e1a00000|100%| O|  |TAMS 0x00000000e1a00000, 0x00000000e1900000| Untracked 
|  26|0x00000000e1a00000, 0x00000000e1b00000, 0x00000000e1b00000|100%| O|  |TAMS 0x00000000e1b00000, 0x00000000e1a00000| Untracked 
|  27|0x00000000e1b00000, 0x00000000e1c00000, 0x00000000e1c00000|100%| O|  |TAMS 0x00000000e1c00000, 0x00000000e1b00000| Untracked 
|  28|0x00000000e1c00000, 0x00000000e1d00000, 0x00000000e1d00000|100%| O|  |TAMS 0x00000000e1d00000, 0x00000000e1c00000| Untracked 
|  29|0x00000000e1d00000, 0x00000000e1e00000, 0x00000000e1e00000|100%| O|  |TAMS 0x00000000e1d00000, 0x00000000e1d00000| Untracked 
|  30|0x00000000e1e00000, 0x00000000e1f00000, 0x00000000e1f00000|100%| O|  |TAMS 0x00000000e1f00000, 0x00000000e1e00000| Untracked 
|  31|0x00000000e1f00000, 0x00000000e2000000, 0x00000000e2000000|100%| O|  |TAMS 0x00000000e2000000, 0x00000000e1f00000| Untracked 
|  32|0x00000000e2000000, 0x00000000e2100000, 0x00000000e2100000|100%| O|  |TAMS 0x00000000e2100000, 0x00000000e2000000| Untracked 
|  33|0x00000000e2100000, 0x00000000e2200000, 0x00000000e2200000|100%| O|  |TAMS 0x00000000e2200000, 0x00000000e2100000| Untracked 
|  34|0x00000000e2200000, 0x00000000e2300000, 0x00000000e2300000|100%| O|  |TAMS 0x00000000e2200000, 0x00000000e2200000| Untracked 
|  35|0x00000000e2300000, 0x00000000e2400000, 0x00000000e2400000|100%| O|  |TAMS 0x00000000e2400000, 0x00000000e2300000| Untracked 
|  36|0x00000000e2400000, 0x00000000e2500000, 0x00000000e2500000|100%| O|  |TAMS 0x00000000e2500000, 0x00000000e2400000| Untracked 
|  37|0x00000000e2500000, 0x00000000e2600000, 0x00000000e2600000|100%| O|  |TAMS 0x00000000e2600000, 0x00000000e2500000| Untracked 
|  38|0x00000000e2600000, 0x00000000e2700000, 0x00000000e2700000|100%| O|  |TAMS 0x00000000e2700000, 0x00000000e2600000| Untracked 
|  39|0x00000000e2700000, 0x00000000e2800000, 0x00000000e2800000|100%| O|  |TAMS 0x00000000e2800000, 0x00000000e2700000| Untracked 
|  40|0x00000000e2800000, 0x00000000e2900000, 0x00000000e2900000|100%| O|  |TAMS 0x00000000e2900000, 0x00000000e2800000| Untracked 
|  41|0x00000000e2900000, 0x00000000e2a00000, 0x00000000e2a00000|100%| O|  |TAMS 0x00000000e2a00000, 0x00000000e2900000| Untracked 
|  42|0x00000000e2a00000, 0x00000000e2b00000, 0x00000000e2b00000|100%| O|  |TAMS 0x00000000e2a00000, 0x00000000e2a00000| Untracked 
|  43|0x00000000e2b00000, 0x00000000e2c00000, 0x00000000e2c00000|100%|HS|  |TAMS 0x00000000e2b00000, 0x00000000e2b00000| Complete 
|  44|0x00000000e2c00000, 0x00000000e2d00000, 0x00000000e2d00000|100%| O|  |TAMS 0x00000000e2d00000, 0x00000000e2c00000| Untracked 
|  45|0x00000000e2d00000, 0x00000000e2e00000, 0x00000000e2e00000|100%| O|  |TAMS 0x00000000e2d00000, 0x00000000e2d00000| Untracked 
|  46|0x00000000e2e00000, 0x00000000e2f00000, 0x00000000e2f00000|100%| O|  |TAMS 0x00000000e2f00000, 0x00000000e2e00000| Untracked 
|  47|0x00000000e2f00000, 0x00000000e3000000, 0x00000000e3000000|100%| O|  |TAMS 0x00000000e3000000, 0x00000000e2f00000| Untracked 
|  48|0x00000000e3000000, 0x00000000e3100000, 0x00000000e3100000|100%| O|  |TAMS 0x00000000e3000000, 0x00000000e3000000| Untracked 
|  49|0x00000000e3100000, 0x00000000e3200000, 0x00000000e3200000|100%| O|  |TAMS 0x00000000e3100000, 0x00000000e3100000| Untracked 
|  50|0x00000000e3200000, 0x00000000e3300000, 0x00000000e3300000|100%| O|  |TAMS 0x00000000e3200000, 0x00000000e3200000| Untracked 
|  51|0x00000000e3300000, 0x00000000e3400000, 0x00000000e3400000|100%| O|  |TAMS 0x00000000e3300000, 0x00000000e3300000| Untracked 
|  52|0x00000000e3400000, 0x00000000e3500000, 0x00000000e3500000|100%| O|  |TAMS 0x00000000e3400000, 0x00000000e3400000| Untracked 
|  53|0x00000000e3500000, 0x00000000e3600000, 0x00000000e3600000|100%| O|  |TAMS 0x00000000e3600000, 0x00000000e3500000| Untracked 
|  54|0x00000000e3600000, 0x00000000e3700000, 0x00000000e3700000|100%| O|  |TAMS 0x00000000e3700000, 0x00000000e3600000| Untracked 
|  55|0x00000000e3700000, 0x00000000e3800000, 0x00000000e3800000|100%| O|  |TAMS 0x00000000e3800000, 0x00000000e3700000| Untracked 
|  56|0x00000000e3800000, 0x00000000e3900000, 0x00000000e3900000|100%| O|  |TAMS 0x00000000e3800000, 0x00000000e3800000| Untracked 
|  57|0x00000000e3900000, 0x00000000e3a00000, 0x00000000e3a00000|100%|HS|  |TAMS 0x00000000e3900000, 0x00000000e3900000| Complete 
|  58|0x00000000e3a00000, 0x00000000e3b00000, 0x00000000e3b00000|100%| O|  |TAMS 0x00000000e3a00000, 0x00000000e3a00000| Untracked 
|  59|0x00000000e3b00000, 0x00000000e3c00000, 0x00000000e3c00000|100%| O|  |TAMS 0x00000000e3c00000, 0x00000000e3b00000| Untracked 
|  60|0x00000000e3c00000, 0x00000000e3d00000, 0x00000000e3d00000|100%| O|  |TAMS 0x00000000e3c00000, 0x00000000e3c00000| Untracked 
|  61|0x00000000e3d00000, 0x00000000e3e00000, 0x00000000e3e00000|100%| O|  |TAMS 0x00000000e3d00000, 0x00000000e3d00000| Untracked 
|  62|0x00000000e3e00000, 0x00000000e3f00000, 0x00000000e3f00000|100%| O|  |TAMS 0x00000000e3f00000, 0x00000000e3e00000| Untracked 
|  63|0x00000000e3f00000, 0x00000000e4000000, 0x00000000e4000000|100%| O|  |TAMS 0x00000000e3f00000, 0x00000000e3f00000| Untracked 
|  64|0x00000000e4000000, 0x00000000e4100000, 0x00000000e4100000|100%| O|  |TAMS 0x00000000e4000000, 0x00000000e4000000| Untracked 
|  65|0x00000000e4100000, 0x00000000e4200000, 0x00000000e4200000|100%| O|  |TAMS 0x00000000e4200000, 0x00000000e4100000| Untracked 
|  66|0x00000000e4200000, 0x00000000e420be00, 0x00000000e4300000|  4%| O|  |TAMS 0x00000000e4200000, 0x00000000e4200000| Untracked 
|  67|0x00000000e4300000, 0x00000000e4400000, 0x00000000e4400000|100%| O|  |TAMS 0x00000000e4400000, 0x00000000e4300000| Untracked 
|  68|0x00000000e4400000, 0x00000000e4400000, 0x00000000e4500000|  0%| F|  |TAMS 0x00000000e4400000, 0x00000000e4400000| Untracked 
|  69|0x00000000e4500000, 0x00000000e4600000, 0x00000000e4600000|100%| O|  |TAMS 0x00000000e4600000, 0x00000000e4500000| Untracked 
|  70|0x00000000e4600000, 0x00000000e4600000, 0x00000000e4700000|  0%| F|  |TAMS 0x00000000e4600000, 0x00000000e4600000| Untracked 
|  71|0x00000000e4700000, 0x00000000e4800000, 0x00000000e4800000|100%| O|  |TAMS 0x00000000e4800000, 0x00000000e4700000| Untracked 
|  72|0x00000000e4800000, 0x00000000e4900000, 0x00000000e4900000|100%| O|  |TAMS 0x00000000e4900000, 0x00000000e4800000| Untracked 
|  73|0x00000000e4900000, 0x00000000e4a00000, 0x00000000e4a00000|100%| O|  |TAMS 0x00000000e4a00000, 0x00000000e4900000| Untracked 
|  74|0x00000000e4a00000, 0x00000000e4b00000, 0x00000000e4b00000|100%| O|  |TAMS 0x00000000e4b00000, 0x00000000e4a00000| Untracked 
|  75|0x00000000e4b00000, 0x00000000e4c00000, 0x00000000e4c00000|100%| O|  |TAMS 0x00000000e4c00000, 0x00000000e4b00000| Untracked 
|  76|0x00000000e4c00000, 0x00000000e4d00000, 0x00000000e4d00000|100%| O|  |TAMS 0x00000000e4d00000, 0x00000000e4c00000| Untracked 
|  77|0x00000000e4d00000, 0x00000000e4e00000, 0x00000000e4e00000|100%| O|  |TAMS 0x00000000e4e00000, 0x00000000e4d00000| Untracked 
|  78|0x00000000e4e00000, 0x00000000e4e00000, 0x00000000e4f00000|  0%| F|  |TAMS 0x00000000e4e00000, 0x00000000e4e00000| Untracked 
|  79|0x00000000e4f00000, 0x00000000e4f00000, 0x00000000e5000000|  0%| F|  |TAMS 0x00000000e4f00000, 0x00000000e4f00000| Untracked 
|  80|0x00000000e5000000, 0x00000000e5000000, 0x00000000e5100000|  0%| F|  |TAMS 0x00000000e5000000, 0x00000000e5000000| Untracked 
|  81|0x00000000e5100000, 0x00000000e5100000, 0x00000000e5200000|  0%| F|  |TAMS 0x00000000e5100000, 0x00000000e5100000| Untracked 
|  82|0x00000000e5200000, 0x00000000e5200000, 0x00000000e5300000|  0%| F|  |TAMS 0x00000000e5200000, 0x00000000e5200000| Untracked 
|  83|0x00000000e5300000, 0x00000000e5300000, 0x00000000e5400000|  0%| F|  |TAMS 0x00000000e5300000, 0x00000000e5300000| Untracked 
|  84|0x00000000e5400000, 0x00000000e5400000, 0x00000000e5500000|  0%| F|  |TAMS 0x00000000e5400000, 0x00000000e5400000| Untracked 
|  85|0x00000000e5500000, 0x00000000e5500000, 0x00000000e5600000|  0%| F|  |TAMS 0x00000000e5500000, 0x00000000e5500000| Untracked 
|  86|0x00000000e5600000, 0x00000000e5600000, 0x00000000e5700000|  0%| F|  |TAMS 0x00000000e5600000, 0x00000000e5600000| Untracked 
|  87|0x00000000e5700000, 0x00000000e5700000, 0x00000000e5800000|  0%| F|  |TAMS 0x00000000e5700000, 0x00000000e5700000| Untracked 
|  88|0x00000000e5800000, 0x00000000e5800000, 0x00000000e5900000|  0%| F|  |TAMS 0x00000000e5800000, 0x00000000e5800000| Untracked 
|  89|0x00000000e5900000, 0x00000000e5a00000, 0x00000000e5a00000|100%| O|  |TAMS 0x00000000e5900000, 0x00000000e5900000| Untracked 
|  90|0x00000000e5a00000, 0x00000000e5a00000, 0x00000000e5b00000|  0%| F|  |TAMS 0x00000000e5a00000, 0x00000000e5a00000| Untracked 
|  91|0x00000000e5b00000, 0x00000000e5b00000, 0x00000000e5c00000|  0%| F|  |TAMS 0x00000000e5b00000, 0x00000000e5b00000| Untracked 
|  92|0x00000000e5c00000, 0x00000000e5c00000, 0x00000000e5d00000|  0%| F|  |TAMS 0x00000000e5c00000, 0x00000000e5c00000| Untracked 
|  93|0x00000000e5d00000, 0x00000000e5d00000, 0x00000000e5e00000|  0%| F|  |TAMS 0x00000000e5d00000, 0x00000000e5d00000| Untracked 
|  94|0x00000000e5e00000, 0x00000000e5e00000, 0x00000000e5f00000|  0%| F|  |TAMS 0x00000000e5e00000, 0x00000000e5e00000| Untracked 
|  95|0x00000000e5f00000, 0x00000000e5f00000, 0x00000000e6000000|  0%| F|  |TAMS 0x00000000e5f00000, 0x00000000e5f00000| Untracked 
|  96|0x00000000e6000000, 0x00000000e6100000, 0x00000000e6100000|100%| O|  |TAMS 0x00000000e6000000, 0x00000000e6000000| Untracked 
|  97|0x00000000e6100000, 0x00000000e6100000, 0x00000000e6200000|  0%| F|  |TAMS 0x00000000e6100000, 0x00000000e6100000| Untracked 
|  98|0x00000000e6200000, 0x00000000e6200000, 0x00000000e6300000|  0%| F|  |TAMS 0x00000000e6200000, 0x00000000e6200000| Untracked 
|  99|0x00000000e6300000, 0x00000000e6300000, 0x00000000e6400000|  0%| F|  |TAMS 0x00000000e6300000, 0x00000000e6300000| Untracked 
| 100|0x00000000e6400000, 0x00000000e6500000, 0x00000000e6500000|100%| O|  |TAMS 0x00000000e6400000, 0x00000000e6400000| Untracked 
| 101|0x00000000e6500000, 0x00000000e6600000, 0x00000000e6600000|100%| O|  |TAMS 0x00000000e6500000, 0x00000000e6500000| Untracked 
| 102|0x00000000e6600000, 0x00000000e6700000, 0x00000000e6700000|100%| O|  |TAMS 0x00000000e6600000, 0x00000000e6600000| Untracked 
| 103|0x00000000e6700000, 0x00000000e6800000, 0x00000000e6800000|100%| O|  |TAMS 0x00000000e6700000, 0x00000000e6700000| Untracked 
| 104|0x00000000e6800000, 0x00000000e6900000, 0x00000000e6900000|100%| O|  |TAMS 0x00000000e6800000, 0x00000000e6800000| Untracked 
| 105|0x00000000e6900000, 0x00000000e6a00000, 0x00000000e6a00000|100%| O|  |TAMS 0x00000000e6900000, 0x00000000e6900000| Untracked 
| 106|0x00000000e6a00000, 0x00000000e6a00000, 0x00000000e6b00000|  0%| F|  |TAMS 0x00000000e6a00000, 0x00000000e6a00000| Untracked 
| 107|0x00000000e6b00000, 0x00000000e6c00000, 0x00000000e6c00000|100%| O|  |TAMS 0x00000000e6c00000, 0x00000000e6b00000| Untracked 
| 108|0x00000000e6c00000, 0x00000000e6d00000, 0x00000000e6d00000|100%|HS|  |TAMS 0x00000000e6d00000, 0x00000000e6c00000| Complete 
| 109|0x00000000e6d00000, 0x00000000e6d00000, 0x00000000e6e00000|  0%| F|  |TAMS 0x00000000e6d00000, 0x00000000e6d00000| Untracked 
| 110|0x00000000e6e00000, 0x00000000e6f00000, 0x00000000e6f00000|100%| O|  |TAMS 0x00000000e6f00000, 0x00000000e6e00000| Untracked 
| 111|0x00000000e6f00000, 0x00000000e6f00000, 0x00000000e7000000|  0%| F|  |TAMS 0x00000000e6f00000, 0x00000000e6f00000| Untracked 
| 112|0x00000000e7000000, 0x00000000e7000000, 0x00000000e7100000|  0%| F|  |TAMS 0x00000000e7000000, 0x00000000e7000000| Untracked 
| 113|0x00000000e7100000, 0x00000000e7200000, 0x00000000e7200000|100%| O|  |TAMS 0x00000000e7200000, 0x00000000e7100000| Untracked 
| 114|0x00000000e7200000, 0x00000000e7300000, 0x00000000e7300000|100%| O|  |TAMS 0x00000000e7300000, 0x00000000e7200000| Untracked 
| 115|0x00000000e7300000, 0x00000000e7400000, 0x00000000e7400000|100%| O|  |TAMS 0x00000000e7400000, 0x00000000e7300000| Untracked 
| 116|0x00000000e7400000, 0x00000000e7400000, 0x00000000e7500000|  0%| F|  |TAMS 0x00000000e7400000, 0x00000000e7400000| Untracked 
| 117|0x00000000e7500000, 0x00000000e7600000, 0x00000000e7600000|100%| O|  |TAMS 0x00000000e7600000, 0x00000000e7500000| Untracked 
| 118|0x00000000e7600000, 0x00000000e7700000, 0x00000000e7700000|100%| O|  |TAMS 0x00000000e7700000, 0x00000000e7600000| Untracked 
| 119|0x00000000e7700000, 0x00000000e7800000, 0x00000000e7800000|100%| O|  |TAMS 0x00000000e7800000, 0x00000000e7700000| Untracked 
| 120|0x00000000e7800000, 0x00000000e7900000, 0x00000000e7900000|100%| O|  |TAMS 0x00000000e7900000, 0x00000000e7800000| Untracked 
| 121|0x00000000e7900000, 0x00000000e7900000, 0x00000000e7a00000|  0%| F|  |TAMS 0x00000000e7900000, 0x00000000e7900000| Untracked 
| 122|0x00000000e7a00000, 0x00000000e7b00000, 0x00000000e7b00000|100%| O|  |TAMS 0x00000000e7b00000, 0x00000000e7a00000| Untracked 
| 123|0x00000000e7b00000, 0x00000000e7c00000, 0x00000000e7c00000|100%| O|  |TAMS 0x00000000e7b00000, 0x00000000e7b00000| Untracked 
| 124|0x00000000e7c00000, 0x00000000e7d00000, 0x00000000e7d00000|100%| O|  |TAMS 0x00000000e7c00000, 0x00000000e7c00000| Untracked 
| 125|0x00000000e7d00000, 0x00000000e7e00000, 0x00000000e7e00000|100%| O|  |TAMS 0x00000000e7d00000, 0x00000000e7d00000| Untracked 
| 126|0x00000000e7e00000, 0x00000000e7f00000, 0x00000000e7f00000|100%| O|  |TAMS 0x00000000e7e00000, 0x00000000e7e00000| Untracked 
| 127|0x00000000e7f00000, 0x00000000e8000000, 0x00000000e8000000|100%| O|  |TAMS 0x00000000e7f00000, 0x00000000e7f00000| Untracked 
| 128|0x00000000e8000000, 0x00000000e8100000, 0x00000000e8100000|100%| O|  |TAMS 0x00000000e8000000, 0x00000000e8000000| Untracked 
| 129|0x00000000e8100000, 0x00000000e8200000, 0x00000000e8200000|100%| O|  |TAMS 0x00000000e8100000, 0x00000000e8100000| Untracked 
| 130|0x00000000e8200000, 0x00000000e8300000, 0x00000000e8300000|100%| O|  |TAMS 0x00000000e8200000, 0x00000000e8200000| Untracked 
| 131|0x00000000e8300000, 0x00000000e8400000, 0x00000000e8400000|100%| O|  |TAMS 0x00000000e8300000, 0x00000000e8300000| Untracked 
| 132|0x00000000e8400000, 0x00000000e8500000, 0x00000000e8500000|100%| O|  |TAMS 0x00000000e8400000, 0x00000000e8400000| Untracked 
| 133|0x00000000e8500000, 0x00000000e8600000, 0x00000000e8600000|100%| O|  |TAMS 0x00000000e8500000, 0x00000000e8500000| Untracked 
| 134|0x00000000e8600000, 0x00000000e8700000, 0x00000000e8700000|100%| O|  |TAMS 0x00000000e8600000, 0x00000000e8600000| Untracked 
| 135|0x00000000e8700000, 0x00000000e8800000, 0x00000000e8800000|100%| O|  |TAMS 0x00000000e8700000, 0x00000000e8700000| Untracked 
| 136|0x00000000e8800000, 0x00000000e8900000, 0x00000000e8900000|100%| O|  |TAMS 0x00000000e8800000, 0x00000000e8800000| Untracked 
| 137|0x00000000e8900000, 0x00000000e8a00000, 0x00000000e8a00000|100%| O|  |TAMS 0x00000000e8900000, 0x00000000e8900000| Untracked 
| 138|0x00000000e8a00000, 0x00000000e8b00000, 0x00000000e8b00000|100%| O|  |TAMS 0x00000000e8a00000, 0x00000000e8a00000| Untracked 
| 139|0x00000000e8b00000, 0x00000000e8c00000, 0x00000000e8c00000|100%| O|  |TAMS 0x00000000e8b00000, 0x00000000e8b00000| Untracked 
| 140|0x00000000e8c00000, 0x00000000e8c00000, 0x00000000e8d00000|  0%| F|  |TAMS 0x00000000e8c00000, 0x00000000e8c00000| Untracked 
| 141|0x00000000e8d00000, 0x00000000e8d00000, 0x00000000e8e00000|  0%| F|  |TAMS 0x00000000e8d00000, 0x00000000e8d00000| Untracked 
| 142|0x00000000e8e00000, 0x00000000e8e00000, 0x00000000e8f00000|  0%| F|  |TAMS 0x00000000e8e00000, 0x00000000e8e00000| Untracked 
| 143|0x00000000e8f00000, 0x00000000e8f00000, 0x00000000e9000000|  0%| F|  |TAMS 0x00000000e8f00000, 0x00000000e8f00000| Untracked 
| 144|0x00000000e9000000, 0x00000000e9000000, 0x00000000e9100000|  0%| F|  |TAMS 0x00000000e9000000, 0x00000000e9000000| Untracked 
| 145|0x00000000e9100000, 0x00000000e9100000, 0x00000000e9200000|  0%| F|  |TAMS 0x00000000e9100000, 0x00000000e9100000| Untracked 
| 146|0x00000000e9200000, 0x00000000e9200000, 0x00000000e9300000|  0%| F|  |TAMS 0x00000000e9200000, 0x00000000e9200000| Untracked 
| 147|0x00000000e9300000, 0x00000000e9390af0, 0x00000000e9400000| 56%| S|CS|TAMS 0x00000000e9300000, 0x00000000e9300000| Complete 
| 148|0x00000000e9400000, 0x00000000e9400000, 0x00000000e9500000|  0%| F|  |TAMS 0x00000000e9400000, 0x00000000e9400000| Untracked 
| 149|0x00000000e9500000, 0x00000000e9600000, 0x00000000e9600000|100%| S|CS|TAMS 0x00000000e9500000, 0x00000000e9500000| Complete 
| 150|0x00000000e9600000, 0x00000000e9700000, 0x00000000e9700000|100%| S|CS|TAMS 0x00000000e9600000, 0x00000000e9600000| Complete 
| 151|0x00000000e9700000, 0x00000000e9700000, 0x00000000e9800000|  0%| F|  |TAMS 0x00000000e9700000, 0x00000000e9700000| Untracked 
| 152|0x00000000e9800000, 0x00000000e9800000, 0x00000000e9900000|  0%| F|  |TAMS 0x00000000e9800000, 0x00000000e9800000| Untracked 
| 153|0x00000000e9900000, 0x00000000e9900000, 0x00000000e9a00000|  0%| F|  |TAMS 0x00000000e9900000, 0x00000000e9900000| Untracked 
| 154|0x00000000e9a00000, 0x00000000e9a00000, 0x00000000e9b00000|  0%| F|  |TAMS 0x00000000e9a00000, 0x00000000e9a00000| Untracked 
| 155|0x00000000e9b00000, 0x00000000e9c00000, 0x00000000e9c00000|100%| S|CS|TAMS 0x00000000e9b00000, 0x00000000e9b00000| Complete 
| 156|0x00000000e9c00000, 0x00000000e9d00000, 0x00000000e9d00000|100%| S|CS|TAMS 0x00000000e9c00000, 0x00000000e9c00000| Complete 
| 157|0x00000000e9d00000, 0x00000000e9e00000, 0x00000000e9e00000|100%| S|CS|TAMS 0x00000000e9d00000, 0x00000000e9d00000| Complete 
| 158|0x00000000e9e00000, 0x00000000e9e00000, 0x00000000e9f00000|  0%| F|  |TAMS 0x00000000e9e00000, 0x00000000e9e00000| Untracked 
| 159|0x00000000e9f00000, 0x00000000e9f00000, 0x00000000ea000000|  0%| F|  |TAMS 0x00000000e9f00000, 0x00000000e9f00000| Untracked 
| 160|0x00000000ea000000, 0x00000000ea000000, 0x00000000ea100000|  0%| F|  |TAMS 0x00000000ea000000, 0x00000000ea000000| Untracked 
| 161|0x00000000ea100000, 0x00000000ea100000, 0x00000000ea200000|  0%| F|  |TAMS 0x00000000ea100000, 0x00000000ea100000| Untracked 
| 162|0x00000000ea200000, 0x00000000ea200000, 0x00000000ea300000|  0%| F|  |TAMS 0x00000000ea200000, 0x00000000ea200000| Untracked 
| 163|0x00000000ea300000, 0x00000000ea300000, 0x00000000ea400000|  0%| F|  |TAMS 0x00000000ea300000, 0x00000000ea300000| Untracked 
| 164|0x00000000ea400000, 0x00000000ea400000, 0x00000000ea500000|  0%| F|  |TAMS 0x00000000ea400000, 0x00000000ea400000| Untracked 
| 165|0x00000000ea500000, 0x00000000ea500000, 0x00000000ea600000|  0%| F|  |TAMS 0x00000000ea500000, 0x00000000ea500000| Untracked 
| 166|0x00000000ea600000, 0x00000000ea600000, 0x00000000ea700000|  0%| F|  |TAMS 0x00000000ea600000, 0x00000000ea600000| Untracked 
| 167|0x00000000ea700000, 0x00000000ea700000, 0x00000000ea800000|  0%| F|  |TAMS 0x00000000ea700000, 0x00000000ea700000| Untracked 
| 168|0x00000000ea800000, 0x00000000ea800000, 0x00000000ea900000|  0%| F|  |TAMS 0x00000000ea800000, 0x00000000ea800000| Untracked 
| 169|0x00000000ea900000, 0x00000000ea900000, 0x00000000eaa00000|  0%| F|  |TAMS 0x00000000ea900000, 0x00000000ea900000| Untracked 
| 170|0x00000000eaa00000, 0x00000000eaa00000, 0x00000000eab00000|  0%| F|  |TAMS 0x00000000eaa00000, 0x00000000eaa00000| Untracked 
| 171|0x00000000eab00000, 0x00000000eab00000, 0x00000000eac00000|  0%| F|  |TAMS 0x00000000eab00000, 0x00000000eab00000| Untracked 
| 172|0x00000000eac00000, 0x00000000eac00000, 0x00000000ead00000|  0%| F|  |TAMS 0x00000000eac00000, 0x00000000eac00000| Untracked 
| 173|0x00000000ead00000, 0x00000000ead00000, 0x00000000eae00000|  0%| F|  |TAMS 0x00000000ead00000, 0x00000000ead00000| Untracked 
| 174|0x00000000eae00000, 0x00000000eae00000, 0x00000000eaf00000|  0%| F|  |TAMS 0x00000000eae00000, 0x00000000eae00000| Untracked 
| 175|0x00000000eaf00000, 0x00000000eaf00000, 0x00000000eb000000|  0%| F|  |TAMS 0x00000000eaf00000, 0x00000000eaf00000| Untracked 
| 176|0x00000000eb000000, 0x00000000eb000000, 0x00000000eb100000|  0%| F|  |TAMS 0x00000000eb000000, 0x00000000eb000000| Untracked 
| 177|0x00000000eb100000, 0x00000000eb100000, 0x00000000eb200000|  0%| F|  |TAMS 0x00000000eb100000, 0x00000000eb100000| Untracked 
| 178|0x00000000eb200000, 0x00000000eb200000, 0x00000000eb300000|  0%| F|  |TAMS 0x00000000eb200000, 0x00000000eb200000| Untracked 
| 179|0x00000000eb300000, 0x00000000eb300000, 0x00000000eb400000|  0%| F|  |TAMS 0x00000000eb300000, 0x00000000eb300000| Untracked 
| 180|0x00000000eb400000, 0x00000000eb400000, 0x00000000eb500000|  0%| F|  |TAMS 0x00000000eb400000, 0x00000000eb400000| Untracked 
| 181|0x00000000eb500000, 0x00000000eb500000, 0x00000000eb600000|  0%| F|  |TAMS 0x00000000eb500000, 0x00000000eb500000| Untracked 
| 182|0x00000000eb600000, 0x00000000eb600000, 0x00000000eb700000|  0%| F|  |TAMS 0x00000000eb600000, 0x00000000eb600000| Untracked 
| 183|0x00000000eb700000, 0x00000000eb700000, 0x00000000eb800000|  0%| F|  |TAMS 0x00000000eb700000, 0x00000000eb700000| Untracked 
| 184|0x00000000eb800000, 0x00000000eb800000, 0x00000000eb900000|  0%| F|  |TAMS 0x00000000eb800000, 0x00000000eb800000| Untracked 
| 185|0x00000000eb900000, 0x00000000eb900000, 0x00000000eba00000|  0%| F|  |TAMS 0x00000000eb900000, 0x00000000eb900000| Untracked 
| 186|0x00000000eba00000, 0x00000000eba00000, 0x00000000ebb00000|  0%| F|  |TAMS 0x00000000eba00000, 0x00000000eba00000| Untracked 
| 187|0x00000000ebb00000, 0x00000000ebb00000, 0x00000000ebc00000|  0%| F|  |TAMS 0x00000000ebb00000, 0x00000000ebb00000| Untracked 
| 188|0x00000000ebc00000, 0x00000000ebc00000, 0x00000000ebd00000|  0%| F|  |TAMS 0x00000000ebc00000, 0x00000000ebc00000| Untracked 
| 189|0x00000000ebd00000, 0x00000000ebd00000, 0x00000000ebe00000|  0%| F|  |TAMS 0x00000000ebd00000, 0x00000000ebd00000| Untracked 
| 190|0x00000000ebe00000, 0x00000000ebe00000, 0x00000000ebf00000|  0%| F|  |TAMS 0x00000000ebe00000, 0x00000000ebe00000| Untracked 
| 191|0x00000000ebf00000, 0x00000000ebf00000, 0x00000000ec000000|  0%| F|  |TAMS 0x00000000ebf00000, 0x00000000ebf00000| Untracked 
| 192|0x00000000ec000000, 0x00000000ec000000, 0x00000000ec100000|  0%| F|  |TAMS 0x00000000ec000000, 0x00000000ec000000| Untracked 
| 193|0x00000000ec100000, 0x00000000ec100000, 0x00000000ec200000|  0%| F|  |TAMS 0x00000000ec100000, 0x00000000ec100000| Untracked 
| 194|0x00000000ec200000, 0x00000000ec200000, 0x00000000ec300000|  0%| F|  |TAMS 0x00000000ec200000, 0x00000000ec200000| Untracked 
| 195|0x00000000ec300000, 0x00000000ec300000, 0x00000000ec400000|  0%| F|  |TAMS 0x00000000ec300000, 0x00000000ec300000| Untracked 
| 196|0x00000000ec400000, 0x00000000ec400000, 0x00000000ec500000|  0%| F|  |TAMS 0x00000000ec400000, 0x00000000ec400000| Untracked 
| 197|0x00000000ec500000, 0x00000000ec500000, 0x00000000ec600000|  0%| F|  |TAMS 0x00000000ec500000, 0x00000000ec500000| Untracked 
| 198|0x00000000ec600000, 0x00000000ec600000, 0x00000000ec700000|  0%| F|  |TAMS 0x00000000ec600000, 0x00000000ec600000| Untracked 
| 199|0x00000000ec700000, 0x00000000ec700000, 0x00000000ec800000|  0%| F|  |TAMS 0x00000000ec700000, 0x00000000ec700000| Untracked 
| 200|0x00000000ec800000, 0x00000000ec800000, 0x00000000ec900000|  0%| F|  |TAMS 0x00000000ec800000, 0x00000000ec800000| Untracked 
| 201|0x00000000ec900000, 0x00000000ec900000, 0x00000000eca00000|  0%| F|  |TAMS 0x00000000ec900000, 0x00000000ec900000| Untracked 
| 202|0x00000000eca00000, 0x00000000eca00000, 0x00000000ecb00000|  0%| F|  |TAMS 0x00000000eca00000, 0x00000000eca00000| Untracked 
| 203|0x00000000ecb00000, 0x00000000ecb00000, 0x00000000ecc00000|  0%| F|  |TAMS 0x00000000ecb00000, 0x00000000ecb00000| Untracked 
| 204|0x00000000ecc00000, 0x00000000ecc00000, 0x00000000ecd00000|  0%| F|  |TAMS 0x00000000ecc00000, 0x00000000ecc00000| Untracked 
| 205|0x00000000ecd00000, 0x00000000ecd00000, 0x00000000ece00000|  0%| F|  |TAMS 0x00000000ecd00000, 0x00000000ecd00000| Untracked 
| 206|0x00000000ece00000, 0x00000000ece00000, 0x00000000ecf00000|  0%| F|  |TAMS 0x00000000ece00000, 0x00000000ece00000| Untracked 
| 207|0x00000000ecf00000, 0x00000000ecf00000, 0x00000000ed000000|  0%| F|  |TAMS 0x00000000ecf00000, 0x00000000ecf00000| Untracked 
| 208|0x00000000ed000000, 0x00000000ed000000, 0x00000000ed100000|  0%| F|  |TAMS 0x00000000ed000000, 0x00000000ed000000| Untracked 
| 209|0x00000000ed100000, 0x00000000ed100000, 0x00000000ed200000|  0%| F|  |TAMS 0x00000000ed100000, 0x00000000ed100000| Untracked 
| 210|0x00000000ed200000, 0x00000000ed200000, 0x00000000ed300000|  0%| F|  |TAMS 0x00000000ed200000, 0x00000000ed200000| Untracked 
| 211|0x00000000ed300000, 0x00000000ed300000, 0x00000000ed400000|  0%| F|  |TAMS 0x00000000ed300000, 0x00000000ed300000| Untracked 
| 212|0x00000000ed400000, 0x00000000ed400000, 0x00000000ed500000|  0%| F|  |TAMS 0x00000000ed400000, 0x00000000ed400000| Untracked 
| 213|0x00000000ed500000, 0x00000000ed500000, 0x00000000ed600000|  0%| F|  |TAMS 0x00000000ed500000, 0x00000000ed500000| Untracked 
| 214|0x00000000ed600000, 0x00000000ed600000, 0x00000000ed700000|  0%| F|  |TAMS 0x00000000ed600000, 0x00000000ed600000| Untracked 
| 215|0x00000000ed700000, 0x00000000ed700000, 0x00000000ed800000|  0%| F|  |TAMS 0x00000000ed700000, 0x00000000ed700000| Untracked 
| 216|0x00000000ed800000, 0x00000000ed800000, 0x00000000ed900000|  0%| F|  |TAMS 0x00000000ed800000, 0x00000000ed800000| Untracked 
| 217|0x00000000ed900000, 0x00000000ed900000, 0x00000000eda00000|  0%| F|  |TAMS 0x00000000ed900000, 0x00000000ed900000| Untracked 
| 218|0x00000000eda00000, 0x00000000eda00000, 0x00000000edb00000|  0%| F|  |TAMS 0x00000000eda00000, 0x00000000eda00000| Untracked 
| 219|0x00000000edb00000, 0x00000000edb00000, 0x00000000edc00000|  0%| F|  |TAMS 0x00000000edb00000, 0x00000000edb00000| Untracked 
| 220|0x00000000edc00000, 0x00000000edc00000, 0x00000000edd00000|  0%| F|  |TAMS 0x00000000edc00000, 0x00000000edc00000| Untracked 
| 221|0x00000000edd00000, 0x00000000edd00000, 0x00000000ede00000|  0%| F|  |TAMS 0x00000000edd00000, 0x00000000edd00000| Untracked 
| 222|0x00000000ede00000, 0x00000000ede00000, 0x00000000edf00000|  0%| F|  |TAMS 0x00000000ede00000, 0x00000000ede00000| Untracked 
| 223|0x00000000edf00000, 0x00000000edf00000, 0x00000000ee000000|  0%| F|  |TAMS 0x00000000edf00000, 0x00000000edf00000| Untracked 
| 224|0x00000000ee000000, 0x00000000ee000000, 0x00000000ee100000|  0%| F|  |TAMS 0x00000000ee000000, 0x00000000ee000000| Untracked 
| 225|0x00000000ee100000, 0x00000000ee100000, 0x00000000ee200000|  0%| F|  |TAMS 0x00000000ee100000, 0x00000000ee100000| Untracked 
| 226|0x00000000ee200000, 0x00000000ee200000, 0x00000000ee300000|  0%| F|  |TAMS 0x00000000ee200000, 0x00000000ee200000| Untracked 
| 227|0x00000000ee300000, 0x00000000ee300000, 0x00000000ee400000|  0%| F|  |TAMS 0x00000000ee300000, 0x00000000ee300000| Untracked 
| 228|0x00000000ee400000, 0x00000000ee400000, 0x00000000ee500000|  0%| F|  |TAMS 0x00000000ee400000, 0x00000000ee400000| Untracked 
| 229|0x00000000ee500000, 0x00000000ee500000, 0x00000000ee600000|  0%| F|  |TAMS 0x00000000ee500000, 0x00000000ee500000| Untracked 
| 230|0x00000000ee600000, 0x00000000ee600000, 0x00000000ee700000|  0%| F|  |TAMS 0x00000000ee600000, 0x00000000ee600000| Untracked 
| 231|0x00000000ee700000, 0x00000000ee700000, 0x00000000ee800000|  0%| F|  |TAMS 0x00000000ee700000, 0x00000000ee700000| Untracked 
| 232|0x00000000ee800000, 0x00000000ee800000, 0x00000000ee900000|  0%| F|  |TAMS 0x00000000ee800000, 0x00000000ee800000| Untracked 
| 233|0x00000000ee900000, 0x00000000ee900000, 0x00000000eea00000|  0%| F|  |TAMS 0x00000000ee900000, 0x00000000ee900000| Untracked 
| 234|0x00000000eea00000, 0x00000000eea00000, 0x00000000eeb00000|  0%| F|  |TAMS 0x00000000eea00000, 0x00000000eea00000| Untracked 
| 235|0x00000000eeb00000, 0x00000000eeb00000, 0x00000000eec00000|  0%| F|  |TAMS 0x00000000eeb00000, 0x00000000eeb00000| Untracked 
| 236|0x00000000eec00000, 0x00000000eec00000, 0x00000000eed00000|  0%| F|  |TAMS 0x00000000eec00000, 0x00000000eec00000| Untracked 
| 237|0x00000000eed00000, 0x00000000eed00000, 0x00000000eee00000|  0%| F|  |TAMS 0x00000000eed00000, 0x00000000eed00000| Untracked 
| 238|0x00000000eee00000, 0x00000000eee00000, 0x00000000eef00000|  0%| F|  |TAMS 0x00000000eee00000, 0x00000000eee00000| Untracked 
| 239|0x00000000eef00000, 0x00000000eef00000, 0x00000000ef000000|  0%| F|  |TAMS 0x00000000eef00000, 0x00000000eef00000| Untracked 
| 240|0x00000000ef000000, 0x00000000ef000000, 0x00000000ef100000|  0%| F|  |TAMS 0x00000000ef000000, 0x00000000ef000000| Untracked 
| 241|0x00000000ef100000, 0x00000000ef100000, 0x00000000ef200000|  0%| F|  |TAMS 0x00000000ef100000, 0x00000000ef100000| Untracked 
| 242|0x00000000ef200000, 0x00000000ef200000, 0x00000000ef300000|  0%| F|  |TAMS 0x00000000ef200000, 0x00000000ef200000| Untracked 
| 243|0x00000000ef300000, 0x00000000ef3d7ed8, 0x00000000ef400000| 84%| E|  |TAMS 0x00000000ef300000, 0x00000000ef300000| Complete 
| 244|0x00000000ef400000, 0x00000000ef500000, 0x00000000ef500000|100%| E|CS|TAMS 0x00000000ef400000, 0x00000000ef400000| Complete 
| 245|0x00000000ef500000, 0x00000000ef600000, 0x00000000ef600000|100%| E|CS|TAMS 0x00000000ef500000, 0x00000000ef500000| Complete 
| 246|0x00000000ef600000, 0x00000000ef700000, 0x00000000ef700000|100%| E|CS|TAMS 0x00000000ef600000, 0x00000000ef600000| Complete 
| 247|0x00000000ef700000, 0x00000000ef800000, 0x00000000ef800000|100%| E|CS|TAMS 0x00000000ef700000, 0x00000000ef700000| Complete 
| 248|0x00000000ef800000, 0x00000000ef900000, 0x00000000ef900000|100%| E|CS|TAMS 0x00000000ef800000, 0x00000000ef800000| Complete 
| 249|0x00000000ef900000, 0x00000000efa00000, 0x00000000efa00000|100%| E|CS|TAMS 0x00000000ef900000, 0x00000000ef900000| Complete 
| 250|0x00000000efa00000, 0x00000000efb00000, 0x00000000efb00000|100%| E|CS|TAMS 0x00000000efa00000, 0x00000000efa00000| Complete 
| 251|0x00000000efb00000, 0x00000000efc00000, 0x00000000efc00000|100%| E|CS|TAMS 0x00000000efb00000, 0x00000000efb00000| Complete 
| 252|0x00000000efc00000, 0x00000000efd00000, 0x00000000efd00000|100%| E|CS|TAMS 0x00000000efc00000, 0x00000000efc00000| Complete 
| 253|0x00000000efd00000, 0x00000000efe00000, 0x00000000efe00000|100%| E|CS|TAMS 0x00000000efd00000, 0x00000000efd00000| Complete 
| 254|0x00000000efe00000, 0x00000000eff00000, 0x00000000eff00000|100%| E|CS|TAMS 0x00000000efe00000, 0x00000000efe00000| Complete 
| 255|0x00000000eff00000, 0x00000000f0000000, 0x00000000f0000000|100%| E|  |TAMS 0x00000000eff00000, 0x00000000eff00000| Complete 

Card table byte_map: [0x00000183a2450000,0x00000183a2550000] _byte_map_base: 0x00000183a1d50000

Marking Bits (Prev, Next): (CMBitMap*) 0x000001838bbfddc0, (CMBitMap*) 0x000001838bbfde00
 Prev Bits: [0x00000183a2650000, 0x00000183a2e50000)
 Next Bits: [0x00000183a2e50000, 0x00000183a3650000)

Polling page: 0x0000018389a80000

Metaspace:

Usage:
  Non-class:     68.13 MB used.
      Class:      9.97 MB used.
       Both:     78.10 MB used.

Virtual space:
  Non-class space:       72.00 MB reserved,      68.69 MB ( 95%) committed,  9 nodes.
      Class space:      208.00 MB reserved,      10.44 MB (  5%) committed,  1 nodes.
             Both:      280.00 MB reserved,      79.12 MB ( 28%) committed. 

Chunk freelists:
   Non-Class:  2.56 MB
       Class:  1.44 MB
        Both:  4.00 MB

MaxMetaspaceSize: 256.00 MB
CompressedClassSpaceSize: 208.00 MB
Initial GC threshold: 21.00 MB
Current GC threshold: 123.12 MB
CDS: on
MetaspaceReclaimPolicy: balanced
 - commit_granule_bytes: 65536.
 - commit_granule_words: 8192.
 - virtual_space_node_default_size: 1048576.
 - enlarge_chunks_in_place: 1.
 - new_chunks_are_fully_committed: 0.
 - uncommit_free_chunks: 1.
 - use_allocation_guard: 0.
 - handle_deallocations: 1.


Internal statistics:

num_allocs_failed_limit: 12.
num_arena_births: 2034.
num_arena_deaths: 262.
num_vsnodes_births: 10.
num_vsnodes_deaths: 0.
num_space_committed: 1308.
num_space_uncommitted: 42.
num_chunks_returned_to_freelist: 539.
num_chunks_taken_from_freelist: 5867.
num_chunk_merges: 196.
num_chunk_splits: 3408.
num_chunks_enlarged: 1763.
num_purges: 4.
num_inconsistent_stats: 0.

CodeHeap 'non-profiled nmethods': size=120000Kb used=17551Kb max_used=17551Kb free=102448Kb
 bounds [0x000001839af20000, 0x000001839c050000, 0x00000183a2450000]
CodeHeap 'profiled nmethods': size=120000Kb used=34535Kb max_used=34535Kb free=85464Kb
 bounds [0x00000183939f0000, 0x0000018395bb0000, 0x000001839af20000]
CodeHeap 'non-nmethods': size=5760Kb used=2401Kb max_used=2503Kb free=3358Kb
 bounds [0x0000018393450000, 0x00000183936d0000, 0x00000183939f0000]
 total_blobs=17753 nmethods=16821 adapters=843
 compilation: enabled
              stopped_count=0, restarted_count=0
 full_count=0

Compilation events (20 events):
Event: 5822.845 Thread 0x00000183a5c0e480 nmethod 21481 0x000001839c031590 code [0x000001839c031b80, 0x000001839c037e90]
Event: 5822.846 Thread 0x00000183a5c0e480 21484       4       org.gradle.api.internal.artifacts.ivyservice.resolveengine.result.ComponentResultSerializer::writeSelectedVariantDetails (109 bytes)
Event: 5822.854 Thread 0x00000183a5c0e480 nmethod 21484 0x000001839c03ab10 code [0x000001839c03ace0, 0x000001839c03af28]
Event: 5822.854 Thread 0x00000183a5c0e480 21483       4       org.gradle.api.internal.attributes.DefaultImmutableAttributesFactory::mutable (9 bytes)
Event: 5822.855 Thread 0x00000183a5c0e480 nmethod 21483 0x000001839c03b310 code [0x000001839c03b4a0, 0x000001839c03b598]
Event: 5822.855 Thread 0x00000183a5c0e480 21482       4       io.spring.gradle.dependencymanagement.org.apache.maven.model.validation.DefaultModelValidator::validateStringNoExpression (25 bytes)
Event: 5822.858 Thread 0x00000183a5c0e480 nmethod 21482 0x000001839c03b690 code [0x000001839c03b800, 0x000001839c03ba18]
Event: 5822.926 Thread 0x00000183a5c0e480 21485       4       org.gradle.api.internal.artifacts.ivyservice.resolveengine.graph.builder.DependencyGraphBuilder::maybeDownloadMetadataInParallel (183 bytes)
Event: 5822.970 Thread 0x00000183a5c0ee30 21488       2       com.google.common.cache.LocalCache$LocalManualCache::put (11 bytes)
Event: 5822.970 Thread 0x00000183a5c0ee30 nmethod 21488 0x0000018395bad410 code [0x0000018395bad5a0, 0x0000018395bad6c8]
Event: 5822.990 Thread 0x00000183a5c0ee30 21489       3       org.gradle.execution.plan.DefaultExecutionPlan::releaseLocks (36 bytes)
Event: 5822.991 Thread 0x00000183a5c0ee30 nmethod 21489 0x0000018395bad790 code [0x0000018395bad980, 0x0000018395badf98]
Event: 5823.133 Thread 0x00000183a5c0e480 nmethod 21485 0x000001839c03ba90 code [0x000001839c03bd80, 0x000001839c03f830]
Event: 5823.133 Thread 0x00000183a5c0e480 21486       4       org.gradle.api.internal.artifacts.ivyservice.resolveengine.graph.builder.DependencyGraphBuilder::attachToTargetRevisionsSerially (47 bytes)
Event: 5823.148 Thread 0x00000183a5c0e480 nmethod 21486 0x000001839c042590 code [0x000001839c042760, 0x000001839c042b58]
Event: 5823.747 Thread 0x00000183a5c0e480 21490       4       java.util.stream.Streams$AbstractStreamBuilderImpl::estimateSize (9 bytes)
Event: 5823.748 Thread 0x00000183a5c0e480 nmethod 21490 0x000001839c043110 code [0x000001839c043280, 0x000001839c043318]
Event: 5823.750 Thread 0x00000183a5c0e480 21491       4       org.gradle.internal.snapshot.MerkleDirectorySnapshotBuilder::enterDirectory (23 bytes)
Event: 5823.759 Thread 0x00000183a5c0e480 nmethod 21491 0x000001839c043410 code [0x000001839c0435c0, 0x000001839c043a68]
Event: 5868.858 Thread 0x00000183a5c0ee30 21492       3       java.util.IdentityHashMap::closeDeletion (107 bytes)

GC Heap History (20 events):
Event: 4682.485 GC heap before
{Heap before GC invocations=45 (full 0):
 garbage-first heap   total 262144K, used 222255K [0x00000000e0000000, 0x0000000100000000)
  region size 1024K, 105 young (107520K), 5 survivors (5120K)
 Metaspace       used 77190K, committed 77888K, reserved 286720K
  class space    used 9805K, committed 10112K, reserved 212992K
}
Event: 4682.495 GC heap after
{Heap after GC invocations=46 (full 0):
 garbage-first heap   total 262144K, used 118072K [0x00000000e0000000, 0x0000000100000000)
  region size 1024K, 5 young (5120K), 5 survivors (5120K)
 Metaspace       used 77190K, committed 77888K, reserved 286720K
  class space    used 9805K, committed 10112K, reserved 212992K
}
Event: 4695.361 GC heap before
{Heap before GC invocations=46 (full 0):
 garbage-first heap   total 262144K, used 219448K [0x00000000e0000000, 0x0000000100000000)
  region size 1024K, 105 young (107520K), 5 survivors (5120K)
 Metaspace       used 77196K, committed 77888K, reserved 286720K
  class space    used 9805K, committed 10112K, reserved 212992K
}
Event: 4695.372 GC heap after
{Heap after GC invocations=47 (full 0):
 garbage-first heap   total 262144K, used 119044K [0x00000000e0000000, 0x0000000100000000)
  region size 1024K, 6 young (6144K), 6 survivors (6144K)
 Metaspace       used 77196K, committed 77888K, reserved 286720K
  class space    used 9805K, committed 10112K, reserved 212992K
}
Event: 4840.873 GC heap before
{Heap before GC invocations=47 (full 0):
 garbage-first heap   total 262144K, used 223492K [0x00000000e0000000, 0x0000000100000000)
  region size 1024K, 107 young (109568K), 6 survivors (6144K)
 Metaspace       used 77243K, committed 77952K, reserved 286720K
  class space    used 9806K, committed 10112K, reserved 212992K
}
Event: 4840.881 GC heap after
{Heap after GC invocations=48 (full 0):
 garbage-first heap   total 262144K, used 118036K [0x00000000e0000000, 0x0000000100000000)
  region size 1024K, 5 young (5120K), 5 survivors (5120K)
 Metaspace       used 77243K, committed 77952K, reserved 286720K
  class space    used 9806K, committed 10112K, reserved 212992K
}
Event: 4852.654 GC heap before
{Heap before GC invocations=48 (full 0):
 garbage-first heap   total 262144K, used 220436K [0x00000000e0000000, 0x0000000100000000)
  region size 1024K, 106 young (108544K), 5 survivors (5120K)
 Metaspace       used 77255K, committed 77952K, reserved 286720K
  class space    used 9806K, committed 10112K, reserved 212992K
}
Event: 4852.664 GC heap after
{Heap after GC invocations=49 (full 0):
 garbage-first heap   total 262144K, used 118591K [0x00000000e0000000, 0x0000000100000000)
  region size 1024K, 5 young (5120K), 5 survivors (5120K)
 Metaspace       used 77255K, committed 77952K, reserved 286720K
  class space    used 9806K, committed 10112K, reserved 212992K
}
Event: 5234.379 GC heap before
{Heap before GC invocations=49 (full 0):
 garbage-first heap   total 262144K, used 224063K [0x00000000e0000000, 0x0000000100000000)
  region size 1024K, 107 young (109568K), 5 survivors (5120K)
 Metaspace       used 77295K, committed 78016K, reserved 286720K
  class space    used 9806K, committed 10112K, reserved 212992K
}
Event: 5234.386 GC heap after
{Heap after GC invocations=50 (full 0):
 garbage-first heap   total 262144K, used 115977K [0x00000000e0000000, 0x0000000100000000)
  region size 1024K, 3 young (3072K), 3 survivors (3072K)
 Metaspace       used 77295K, committed 78016K, reserved 286720K
  class space    used 9806K, committed 10112K, reserved 212992K
}
Event: 5237.899 GC heap before
{Heap before GC invocations=50 (full 0):
 garbage-first heap   total 262144K, used 223497K [0x00000000e0000000, 0x0000000100000000)
  region size 1024K, 108 young (110592K), 3 survivors (3072K)
 Metaspace       used 77376K, committed 78080K, reserved 286720K
  class space    used 9811K, committed 10112K, reserved 212992K
}
Event: 5237.913 GC heap after
{Heap after GC invocations=51 (full 0):
 garbage-first heap   total 262144K, used 121005K [0x00000000e0000000, 0x0000000100000000)
  region size 1024K, 8 young (8192K), 8 survivors (8192K)
 Metaspace       used 77376K, committed 78080K, reserved 286720K
  class space    used 9811K, committed 10112K, reserved 212992K
}
Event: 5353.144 GC heap before
{Heap before GC invocations=51 (full 0):
 garbage-first heap   total 262144K, used 222381K [0x00000000e0000000, 0x0000000100000000)
  region size 1024K, 107 young (109568K), 8 survivors (8192K)
 Metaspace       used 79865K, committed 80960K, reserved 286720K
  class space    used 10198K, committed 10688K, reserved 212992K
}
Event: 5353.155 GC heap after
{Heap after GC invocations=52 (full 0):
 garbage-first heap   total 262144K, used 121903K [0x00000000e0000000, 0x0000000100000000)
  region size 1024K, 7 young (7168K), 7 survivors (7168K)
 Metaspace       used 79865K, committed 80960K, reserved 286720K
  class space    used 10198K, committed 10688K, reserved 212992K
}
Event: 5356.673 GC heap before
{Heap before GC invocations=52 (full 0):
 garbage-first heap   total 262144K, used 220207K [0x00000000e0000000, 0x0000000100000000)
  region size 1024K, 104 young (106496K), 7 survivors (7168K)
 Metaspace       used 79897K, committed 81024K, reserved 286720K
  class space    used 10204K, committed 10688K, reserved 212992K
}
Event: 5356.689 GC heap after
{Heap after GC invocations=53 (full 0):
 garbage-first heap   total 262144K, used 119598K [0x00000000e0000000, 0x0000000100000000)
  region size 1024K, 6 young (6144K), 6 survivors (6144K)
 Metaspace       used 79897K, committed 81024K, reserved 286720K
  class space    used 10204K, committed 10688K, reserved 212992K
}
Event: 5822.448 GC heap before
{Heap before GC invocations=53 (full 0):
 garbage-first heap   total 262144K, used 219950K [0x00000000e0000000, 0x0000000100000000)
  region size 1024K, 105 young (107520K), 6 survivors (6144K)
 Metaspace       used 79966K, committed 81024K, reserved 286720K
  class space    used 10205K, committed 10688K, reserved 212992K
}
Event: 5822.462 GC heap after
{Heap after GC invocations=54 (full 0):
 garbage-first heap   total 262144K, used 120398K [0x00000000e0000000, 0x0000000100000000)
  region size 1024K, 7 young (7168K), 7 survivors (7168K)
 Metaspace       used 79966K, committed 81024K, reserved 286720K
  class space    used 10205K, committed 10688K, reserved 212992K
}
Event: 5842.874 GC heap before
{Heap before GC invocations=54 (full 0):
 garbage-first heap   total 262144K, used 219726K [0x00000000e0000000, 0x0000000100000000)
  region size 1024K, 105 young (107520K), 7 survivors (7168K)
 Metaspace       used 79966K, committed 81024K, reserved 286720K
  class space    used 10205K, committed 10688K, reserved 212992K
}
Event: 5842.886 GC heap after
{Heap after GC invocations=55 (full 0):
 garbage-first heap   total 262144K, used 119410K [0x00000000e0000000, 0x0000000100000000)
  region size 1024K, 6 young (6144K), 6 survivors (6144K)
 Metaspace       used 79966K, committed 81024K, reserved 286720K
  class space    used 10205K, committed 10688K, reserved 212992K
}

Deoptimization events (20 events):
Event: 5352.985 Thread 0x00000183ae922e60 DEOPT PACKING pc=0x000001839403ca5b sp=0x00000053d59f8840
Event: 5352.985 Thread 0x00000183ae922e60 DEOPT UNPACKING pc=0x00000183934a2b43 sp=0x00000053d59f7d20 mode 0
Event: 5352.987 Thread 0x00000183ae922e60 DEOPT PACKING pc=0x000001839402fd66 sp=0x00000053d59f8870
Event: 5352.987 Thread 0x00000183ae922e60 DEOPT UNPACKING pc=0x00000183934a2b43 sp=0x00000053d59f7d38 mode 0
Event: 5355.923 Thread 0x00000183ab398760 Uncommon trap: trap_request=0xffffffd6 fr.pc=0x000001839bf1d824 relative=0x0000000000001c84
Event: 5355.923 Thread 0x00000183ab398760 Uncommon trap: reason=array_check action=maybe_recompile pc=0x000001839bf1d824 method=java.util.TimSort.binarySort([Ljava/lang/Object;IIILjava/util/Comparator;)V @ 193 c2
Event: 5355.923 Thread 0x00000183ab398760 DEOPT PACKING pc=0x000001839bf1d824 sp=0x00000053d86fc5d0
Event: 5355.923 Thread 0x00000183ab398760 DEOPT UNPACKING pc=0x00000183934a23a3 sp=0x00000053d86fc498 mode 2
Event: 5357.978 Thread 0x00000183ab398760 Uncommon trap: trap_request=0xffffffd6 fr.pc=0x000001839bf1d824 relative=0x0000000000001c84
Event: 5357.978 Thread 0x00000183ab398760 Uncommon trap: reason=array_check action=maybe_recompile pc=0x000001839bf1d824 method=java.util.TimSort.binarySort([Ljava/lang/Object;IIILjava/util/Comparator;)V @ 193 c2
Event: 5357.978 Thread 0x00000183ab398760 DEOPT PACKING pc=0x000001839bf1d824 sp=0x00000053d86fc5d0
Event: 5357.978 Thread 0x00000183ab398760 DEOPT UNPACKING pc=0x00000183934a23a3 sp=0x00000053d86fc498 mode 2
Event: 5358.234 Thread 0x00000183ab398760 DEOPT PACKING pc=0x0000018395a09949 sp=0x00000053d86f9f50
Event: 5358.234 Thread 0x00000183ab398760 DEOPT UNPACKING pc=0x00000183934a2b43 sp=0x00000053d86f9528 mode 0
Event: 5820.261 Thread 0x00000183a74c04e0 DEOPT PACKING pc=0x0000018394eaeac4 sp=0x00000053d58f8d20
Event: 5820.261 Thread 0x00000183a74c04e0 DEOPT UNPACKING pc=0x00000183934a2b43 sp=0x00000053d58f8240 mode 0
Event: 5868.844 Thread 0x00000183ab395270 Uncommon trap: trap_request=0x00000008 fr.pc=0x000001839bd8202c relative=0x0000000000000b0c
Event: 5868.844 Thread 0x00000183ab395270 Uncommon trap: reason=unloaded action=reinterpret pc=0x000001839bd8202c method=org.gradle.internal.hash.DefaultStreamHasher.hash(Ljava/io/InputStream;)Lorg/gradle/internal/hash/HashCode; @ 10 c2
Event: 5868.844 Thread 0x00000183ab395270 DEOPT PACKING pc=0x000001839bd8202c sp=0x00000053d86fb770
Event: 5868.844 Thread 0x00000183ab395270 DEOPT UNPACKING pc=0x00000183934a23a3 sp=0x00000053d86fb6d0 mode 2

Classes unloaded (20 events):
Event: 2848.822 Thread 0x00000183a5bea190 Unloading class 0x0000000801528788 'lombok/core/DiagnosticsReceiver'
Event: 2848.822 Thread 0x00000183a5bea190 Unloading class 0x00000008015284a0 'lombok/javac/apt/LombokProcessor$1'
Event: 2848.822 Thread 0x00000183a5bea190 Unloading class 0x0000000801528208 'lombok/javac/apt/LombokProcessor'
Event: 2848.822 Thread 0x00000183a5bea190 Unloading class 0x0000000801528000 'lombok/permit/Permit$Fake'
Event: 2848.822 Thread 0x00000183a5bea190 Unloading class 0x0000000801479468 'lombok/permit/Permit'
Event: 2848.822 Thread 0x00000183a5bea190 Unloading class 0x0000000801479238 'lombok/core/AnnotationProcessor$EcjDescriptor'
Event: 2848.822 Thread 0x00000183a5bea190 Unloading class 0x0000000801479000 'lombok/core/AnnotationProcessor$JavacDescriptor'
Event: 2848.822 Thread 0x00000183a5bea190 Unloading class 0x0000000801478a80 'lombok/core/AnnotationProcessor$ProcessorDescriptor'
Event: 2848.822 Thread 0x00000183a5bea190 Unloading class 0x0000000801478800 'lombok/core/AnnotationProcessor'
Event: 2848.822 Thread 0x00000183a5bea190 Unloading class 0x0000000801479a80 'lombok/launch/AnnotationProcessorHider$AstModificationNotifierData'
Event: 2848.822 Thread 0x00000183a5bea190 Unloading class 0x0000000801479800 'lombok/launch/AnnotationProcessorHider$ClaimingProcessor'
Event: 2848.822 Thread 0x00000183a5bea190 Unloading class 0x0000000801478480 'lombok/launch/ShadowClassLoader'
Event: 2848.822 Thread 0x00000183a5bea190 Unloading class 0x0000000801478280 'lombok/launch/Main'
Event: 2848.822 Thread 0x00000183a5bea190 Unloading class 0x0000000801478000 'lombok/launch/AnnotationProcessorHider$AnnotationProcessor'
Event: 2848.822 Thread 0x00000183a5bea190 Unloading class 0x0000000801430400 'jdk/internal/reflect/GeneratedSerializationConstructorAccessor23'
Event: 2848.822 Thread 0x00000183a5bea190 Unloading class 0x000000080140a000 'jdk/internal/reflect/GeneratedSerializationConstructorAccessor17'
Event: 2848.822 Thread 0x00000183a5bea190 Unloading class 0x0000000801409c00 'jdk/internal/reflect/GeneratedSerializationConstructorAccessor16'
Event: 2848.822 Thread 0x00000183a5bea190 Unloading class 0x0000000801409800 'jdk/internal/reflect/GeneratedSerializationConstructorAccessor15'
Event: 2848.822 Thread 0x00000183a5bea190 Unloading class 0x0000000801409400 'jdk/internal/reflect/GeneratedSerializationConstructorAccessor14'
Event: 2848.822 Thread 0x00000183a5bea190 Unloading class 0x000000080103d000 'Build_nanasala_393ru9oqynm3uvnqmztndwrbt'

Classes redefined (0 events):
No events

Internal exceptions (20 events):
Event: 5240.983 Thread 0x00000183ab393590 Exception <a 'sun/nio/fs/WindowsException'{0x00000000ec3a0810}> (0x00000000ec3a0810) 
thrown [t:\workspace\open\src\hotspot\share\prims\jni.cpp, line 516]
Event: 5240.983 Thread 0x00000183ab393590 Exception <a 'sun/nio/fs/WindowsException'{0x00000000ec3a0ae0}> (0x00000000ec3a0ae0) 
thrown [t:\workspace\open\src\hotspot\share\prims\jni.cpp, line 516]
Event: 5240.992 Thread 0x00000183ab393590 Exception <a 'sun/nio/fs/WindowsException'{0x00000000ec220818}> (0x00000000ec220818) 
thrown [t:\workspace\open\src\hotspot\share\prims\jni.cpp, line 516]
Event: 5240.992 Thread 0x00000183ab393590 Exception <a 'sun/nio/fs/WindowsException'{0x00000000ec220ae8}> (0x00000000ec220ae8) 
thrown [t:\workspace\open\src\hotspot\share\prims\jni.cpp, line 516]
Event: 5241.000 Thread 0x00000183ab393590 Exception <a 'sun/nio/fs/WindowsException'{0x00000000ec14c1b8}> (0x00000000ec14c1b8) 
thrown [t:\workspace\open\src\hotspot\share\prims\jni.cpp, line 516]
Event: 5241.000 Thread 0x00000183ab393590 Exception <a 'sun/nio/fs/WindowsException'{0x00000000ec14c4e0}> (0x00000000ec14c4e0) 
thrown [t:\workspace\open\src\hotspot\share\prims\jni.cpp, line 516]
Event: 5241.028 Thread 0x00000183ab393590 Exception <a 'sun/nio/fs/WindowsException'{0x00000000ebf4e088}> (0x00000000ebf4e088) 
thrown [t:\workspace\open\src\hotspot\share\prims\jni.cpp, line 516]
Event: 5241.029 Thread 0x00000183ab393590 Exception <a 'sun/nio/fs/WindowsException'{0x00000000ebf4e3b8}> (0x00000000ebf4e3b8) 
thrown [t:\workspace\open\src\hotspot\share\prims\jni.cpp, line 516]
Event: 5241.061 Thread 0x00000183ab393590 Exception <a 'sun/nio/fs/WindowsException'{0x00000000ebee22d0}> (0x00000000ebee22d0) 
thrown [t:\workspace\open\src\hotspot\share\prims\jni.cpp, line 516]
Event: 5241.068 Thread 0x00000183ab393590 Exception <a 'sun/nio/fs/WindowsException'{0x00000000ebef87d0}> (0x00000000ebef87d0) 
thrown [t:\workspace\open\src\hotspot\share\prims\jni.cpp, line 516]
Event: 5241.073 Thread 0x00000183ab393590 Exception <a 'sun/nio/fs/WindowsException'{0x00000000ebefdd10}> (0x00000000ebefdd10) 
thrown [t:\workspace\open\src\hotspot\share\prims\jni.cpp, line 516]
Event: 5241.132 Thread 0x00000183ab393590 Exception <a 'sun/nio/fs/WindowsException'{0x00000000ebc9a0a8}> (0x00000000ebc9a0a8) 
thrown [t:\workspace\open\src\hotspot\share\prims\jni.cpp, line 516]
Event: 5241.136 Thread 0x00000183ab393590 Exception <a 'sun/nio/fs/WindowsException'{0x00000000ebc9b4a0}> (0x00000000ebc9b4a0) 
thrown [t:\workspace\open\src\hotspot\share\prims\jni.cpp, line 516]
Event: 5241.137 Thread 0x00000183ab393590 Exception <a 'sun/nio/fs/WindowsException'{0x00000000ebc9bce0}> (0x00000000ebc9bce0) 
thrown [t:\workspace\open\src\hotspot\share\prims\jni.cpp, line 516]
Event: 5352.949 Thread 0x00000183ae922e60 Exception <a 'java/lang/NoClassDefFoundError'{0x00000000ea0a3808}: org/jetbrains/kotlin/gradle/plugin/KotlinPluginWrapper> (0x00000000ea0a3808) 
thrown [t:\workspace\open\src\hotspot\share\oops\constantPool.cpp, line 835]
Event: 5358.262 Thread 0x00000183ae922990 Exception <a 'java/lang/NoSuchMethodError'{0x00000000ee0db788}: static Lorg/gradle/internal/build/event/types/DefaultTaskSkippedResult;.<clinit>()V> (0x00000000ee0db788) 
thrown [t:\workspace\open\src\hotspot\share\prims\jni.cpp, line 1107]
Event: 5820.172 Thread 0x00000183a74c04e0 Exception <a 'java/lang/NoClassDefFoundError'{0x00000000ed1b3c58}: org/jetbrains/kotlin/gradle/plugin/KotlinPluginWrapper> (0x00000000ed1b3c58) 
thrown [t:\workspace\open\src\hotspot\share\oops\constantPool.cpp, line 835]
Event: 5868.844 Thread 0x00000183ab395270 Exception <a 'java/io/IOException'{0x00000000ef306a88}> (0x00000000ef306a88) 
thrown [t:\workspace\open\src\hotspot\share\prims\jni.cpp, line 516]
Event: 5868.851 Thread 0x00000183ab395270 StackOverflowError at 0x000001839b16ec40
Event: 5868.852 Thread 0x00000183ab395270 Exception <a 'java/lang/StackOverflowError'{0x00000000ef313118}> (0x00000000ef313118) 
thrown [t:\workspace\open\src\hotspot\share\runtime\sharedRuntime.cpp, line 628]

VM Operations (20 events):
Event: 5450.365 Executing VM operation: Cleanup
Event: 5450.365 Executing VM operation: Cleanup done
Event: 5819.354 Executing VM operation: Cleanup
Event: 5819.354 Executing VM operation: Cleanup done
Event: 5820.360 Executing VM operation: Cleanup
Event: 5820.362 Executing VM operation: Cleanup done
Event: 5821.372 Executing VM operation: Cleanup
Event: 5821.373 Executing VM operation: Cleanup done
Event: 5822.383 Executing VM operation: Cleanup
Event: 5822.384 Executing VM operation: Cleanup done
Event: 5822.448 Executing VM operation: G1CollectForAllocation
Event: 5822.463 Executing VM operation: G1CollectForAllocation done
Event: 5823.465 Executing VM operation: Cleanup
Event: 5823.465 Executing VM operation: Cleanup done
Event: 5824.468 Executing VM operation: Cleanup
Event: 5824.468 Executing VM operation: Cleanup done
Event: 5836.598 Executing VM operation: Cleanup
Event: 5836.598 Executing VM operation: Cleanup done
Event: 5842.874 Executing VM operation: G1CollectForAllocation
Event: 5842.886 Executing VM operation: G1CollectForAllocation done

Events (20 events):
Event: 5820.615 Thread 0x00000183ab39a440 Thread added: 0x00000183ab39a440
Event: 5820.621 Thread 0x00000183ab392bf0 Thread added: 0x00000183ab392bf0
Event: 5820.626 Thread 0x00000183ab393590 Thread added: 0x00000183ab393590
Event: 5820.631 Thread 0x00000183ab3948d0 Thread added: 0x00000183ab3948d0
Event: 5820.650 Thread 0x00000183ab395c10 Thread added: 0x00000183ab395c10
Event: 5820.657 Thread 0x00000183ab3965b0 Thread added: 0x00000183ab3965b0
Event: 5820.664 Thread 0x00000183ab396a80 Thread added: 0x00000183ab396a80
Event: 5820.696 Thread 0x00000183ab397420 Thread added: 0x00000183ab397420
Event: 5820.743 Thread 0x00000183ab398c30 Thread added: 0x00000183ab398c30
Event: 5820.790 Thread 0x00000183ab399100 Thread added: 0x00000183ab399100
Event: 5820.798 Thread 0x00000183ab393a60 Thread added: 0x00000183ab393a60
Event: 5820.807 Thread 0x00000183ae9241a0 Thread added: 0x00000183ae9241a0
Event: 5820.815 Thread 0x00000183ae922990 Thread added: 0x00000183ae922990
Event: 5820.820 Thread 0x00000183ae9259b0 Thread added: 0x00000183ae9259b0
Event: 5820.829 Thread 0x00000183ae921ff0 Thread added: 0x00000183ae921ff0
Event: 5820.841 Thread 0x00000183ae925010 Thread added: 0x00000183ae925010
Event: 5820.854 Thread 0x00000183ae923800 Thread added: 0x00000183ae923800
Event: 5820.860 Thread 0x00000183ae922e60 Thread added: 0x00000183ae922e60
Event: 5822.022 Thread 0x00000183abb955e0 Thread added: 0x00000183abb955e0
Event: 5822.192 Thread 0x00000183abb955e0 Thread exited: 0x00000183abb955e0


Dynamic libraries:
0x00007ff7ca6b0000 - 0x00007ff7ca6c0000 	C:\Program Files\Java\jdk-17.0.3.1\bin\java.exe
0x00007ffe38610000 - 0x00007ffe38805000 	C:\Windows\SYSTEM32\ntdll.dll
0x00007ffe366c0000 - 0x00007ffe3677d000 	C:\Windows\System32\KERNEL32.DLL
0x00007ffe36170000 - 0x00007ffe3643d000 	C:\Windows\System32\KERNELBASE.dll
0x00007ffe36530000 - 0x00007ffe36630000 	C:\Windows\System32\ucrtbase.dll
0x00007ffe12f60000 - 0x00007ffe12f78000 	C:\Program Files\Java\jdk-17.0.3.1\bin\jli.dll
0x00007ffe369b0000 - 0x00007ffe36a5e000 	C:\Windows\System32\ADVAPI32.dll
0x00007ffe376c0000 - 0x00007ffe3775e000 	C:\Windows\System32\msvcrt.dll
0x00007ffe37190000 - 0x00007ffe3722c000 	C:\Windows\System32\sechost.dll
0x00007ffe36c30000 - 0x00007ffe36d55000 	C:\Windows\System32\RPCRT4.dll
0x00007ffe36dc0000 - 0x00007ffe36f60000 	C:\Windows\System32\USER32.dll
0x00007ffe36630000 - 0x00007ffe36652000 	C:\Windows\System32\win32u.dll
0x00007ffe37080000 - 0x00007ffe370aa000 	C:\Windows\System32\GDI32.dll
0x00007ffe35fd0000 - 0x00007ffe360db000 	C:\Windows\System32\gdi32full.dll
0x00007ffe35d20000 - 0x00007ffe35dbd000 	C:\Windows\System32\msvcp_win.dll
0x00007ffe12c10000 - 0x00007ffe12c2a000 	C:\Program Files\Java\jdk-17.0.3.1\bin\VCRUNTIME140.dll
0x00007ffe27dd0000 - 0x00007ffe2806a000 	C:\Windows\WinSxS\amd64_microsoft.windows.common-controls_6595b64144ccf1df_6.0.19041.1110_none_60b5254171f9507e\COMCTL32.dll
0x00007ffe28110000 - 0x00007ffe2811a000 	C:\Windows\SYSTEM32\VERSION.dll
0x00007ffe37eb0000 - 0x00007ffe37ee0000 	C:\Windows\System32\IMM32.DLL
0x00007ffe21950000 - 0x00007ffe2195c000 	C:\Program Files\Java\jdk-17.0.3.1\bin\vcruntime140_1.dll
0x00007ffdfc640000 - 0x00007ffdfc6cd000 	C:\Program Files\Java\jdk-17.0.3.1\bin\msvcp140.dll
0x00007ffdfba80000 - 0x00007ffdfc640000 	C:\Program Files\Java\jdk-17.0.3.1\bin\server\jvm.dll
0x00007ffe36b80000 - 0x00007ffe36b88000 	C:\Windows\System32\PSAPI.DLL
0x00007ffdeeac0000 - 0x00007ffdeeac9000 	C:\Windows\SYSTEM32\WSOCK32.dll
0x00007ffe36b10000 - 0x00007ffe36b7b000 	C:\Windows\System32\WS2_32.dll
0x00007ffe268c0000 - 0x00007ffe268e7000 	C:\Windows\SYSTEM32\WINMM.dll
0x00007ffe33c20000 - 0x00007ffe33c32000 	C:\Windows\SYSTEM32\kernel.appcore.dll
0x00007ffe12f50000 - 0x00007ffe12f5a000 	C:\Program Files\Java\jdk-17.0.3.1\bin\jimage.dll
0x00007ffe24920000 - 0x00007ffe24b04000 	C:\Windows\SYSTEM32\DBGHELP.DLL
0x00007ffe243f0000 - 0x00007ffe2441c000 	C:\Windows\SYSTEM32\dbgcore.DLL
0x00007ffe360e0000 - 0x00007ffe36162000 	C:\Windows\System32\bcryptPrimitives.dll
0x00007ffe12b30000 - 0x00007ffe12b55000 	C:\Program Files\Java\jdk-17.0.3.1\bin\java.dll
0x00007ffdfb9a0000 - 0x00007ffdfba76000 	C:\Program Files\Java\jdk-17.0.3.1\bin\jsvml.dll
0x00007ffe37760000 - 0x00007ffe37ea4000 	C:\Windows\System32\SHELL32.dll
0x00007ffe33e20000 - 0x00007ffe345b4000 	C:\Windows\SYSTEM32\windows.storage.dll
0x00007ffe37ee0000 - 0x00007ffe38234000 	C:\Windows\System32\combase.dll
0x00007ffe35780000 - 0x00007ffe357ac000 	C:\Windows\SYSTEM32\Wldp.dll
0x00007ffe36a60000 - 0x00007ffe36b0d000 	C:\Windows\System32\SHCORE.dll
0x00007ffe36780000 - 0x00007ffe367d5000 	C:\Windows\System32\shlwapi.dll
0x00007ffe35c60000 - 0x00007ffe35c7f000 	C:\Windows\SYSTEM32\profapi.dll
0x00007ffe0c0f0000 - 0x00007ffe0c109000 	C:\Program Files\Java\jdk-17.0.3.1\bin\net.dll
0x00007ffe2c490000 - 0x00007ffe2c59a000 	C:\Windows\SYSTEM32\WINHTTP.dll
0x00007ffe354e0000 - 0x00007ffe3554a000 	C:\Windows\system32\mswsock.dll
0x00007ffe07f10000 - 0x00007ffe07f26000 	C:\Program Files\Java\jdk-17.0.3.1\bin\nio.dll
0x00007ffdfb6f0000 - 0x00007ffdfb708000 	C:\Program Files\Java\jdk-17.0.3.1\bin\zip.dll
0x00007ffe2ef20000 - 0x00007ffe2ef30000 	C:\Program Files\Java\jdk-17.0.3.1\bin\verify.dll
0x00007ffe31b20000 - 0x00007ffe31b47000 	C:\Users\Chathuni Madhusha\.gradle\native\e1d6ef7f7dcc3fd88c89a11ec53ec762bb8ba0a96d01ffa2cd45eb1d1d8dd5c5\windows-amd64\native-platform.dll
0x00007ffdfe3c0000 - 0x00007ffdfe504000 	C:\Users\Chathuni Madhusha\.gradle\native\0d407fdbe67a94daf76414ababcb853783967236a71b16ec16e742cd7a986fd3\windows-amd64\native-platform-file-events.dll
0x00007ffe31b60000 - 0x00007ffe31b69000 	C:\Program Files\Java\jdk-17.0.3.1\bin\management.dll
0x00007ffe2f3d0000 - 0x00007ffe2f3db000 	C:\Program Files\Java\jdk-17.0.3.1\bin\management_ext.dll
0x00007ffe356d0000 - 0x00007ffe356e8000 	C:\Windows\SYSTEM32\CRYPTSP.dll
0x00007ffe34df0000 - 0x00007ffe34e24000 	C:\Windows\system32\rsaenh.dll
0x00007ffe36500000 - 0x00007ffe36527000 	C:\Windows\System32\bcrypt.dll
0x00007ffe35c20000 - 0x00007ffe35c4e000 	C:\Windows\SYSTEM32\USERENV.dll
0x00007ffe356f0000 - 0x00007ffe356fc000 	C:\Windows\SYSTEM32\CRYPTBASE.dll
0x00007ffe35180000 - 0x00007ffe351bb000 	C:\Windows\SYSTEM32\IPHLPAPI.DLL
0x00007ffe36910000 - 0x00007ffe36918000 	C:\Windows\System32\NSI.dll
0x00007ffe301c0000 - 0x00007ffe301d7000 	C:\Windows\SYSTEM32\dhcpcsvc6.DLL
0x00007ffe30290000 - 0x00007ffe302ad000 	C:\Windows\SYSTEM32\dhcpcsvc.DLL
0x00007ffe351d0000 - 0x00007ffe3529b000 	C:\Windows\SYSTEM32\DNSAPI.dll
0x00007ffe2f120000 - 0x00007ffe2f12e000 	C:\Program Files\Java\jdk-17.0.3.1\bin\sunmscapi.dll
0x00007ffe35e70000 - 0x00007ffe35fc6000 	C:\Windows\System32\CRYPT32.dll
0x00007ffe357f0000 - 0x00007ffe35817000 	C:\Windows\SYSTEM32\ncrypt.dll
0x00007ffe357b0000 - 0x00007ffe357eb000 	C:\Windows\SYSTEM32\NTASN1.dll
0x00007ffe18e10000 - 0x00007ffe18e17000 	C:\Windows\system32\wshunix.dll
0x00007ffe29740000 - 0x00007ffe2974a000 	C:\Windows\System32\rasadhlp.dll
0x00007ffe2c410000 - 0x00007ffe2c490000 	C:\Windows\System32\fwpuclnt.dll

dbghelp: loaded successfully - version: 4.0.5 - missing functions: none
symbol engine: initialized successfully - sym options: 0x614 - pdb path: .;C:\Program Files\Java\jdk-17.0.3.1\bin;C:\Windows\SYSTEM32;C:\Windows\WinSxS\amd64_microsoft.windows.common-controls_6595b64144ccf1df_6.0.19041.1110_none_60b5254171f9507e;C:\Program Files\Java\jdk-17.0.3.1\bin\server;C:\Users\Chathuni Madhusha\.gradle\native\e1d6ef7f7dcc3fd88c89a11ec53ec762bb8ba0a96d01ffa2cd45eb1d1d8dd5c5\windows-amd64;C:\Users\Chathuni Madhusha\.gradle\native\0d407fdbe67a94daf76414ababcb853783967236a71b16ec16e742cd7a986fd3\windows-amd64

VM Arguments:
jvm_args: --add-opens=java.base/java.util=ALL-UNNAMED --add-opens=java.base/java.lang=ALL-UNNAMED --add-opens=java.base/java.lang.invoke=ALL-UNNAMED --add-opens=java.base/java.util=ALL-UNNAMED --add-opens=java.prefs/java.util.prefs=ALL-UNNAMED --add-opens=java.prefs/java.util.prefs=ALL-UNNAMED --add-opens=java.base/java.nio.charset=ALL-UNNAMED --add-opens=java.base/java.net=ALL-UNNAMED --add-opens=java.base/java.util.concurrent.atomic=ALL-UNNAMED -XX:MaxMetaspaceSize=256m -XX:+HeapDumpOnOutOfMemoryError -Xms256m -Xmx512m -Dfile.encoding=windows-1252 -Duser.country=US -Duser.language=en -Duser.variant 
java_command: org.gradle.launcher.daemon.bootstrap.GradleDaemon 7.5
java_class_path (initial): C:\Users\Chathuni Madhusha\.gradle\wrapper\dists\gradle-7.5-bin\f1w0cc9nuo0eivz97x2xlu9sv\gradle-7.5\lib\gradle-launcher-7.5.jar
Launcher Type: SUN_STANDARD

[Global flags]
     intx CICompilerCount                          = 3                                         {product} {ergonomic}
   size_t CompressedClassSpaceSize                 = 218103808                                 {product} {ergonomic}
     uint ConcGCThreads                            = 1                                         {product} {ergonomic}
     uint G1ConcRefinementThreads                  = 4                                         {product} {ergonomic}
   size_t G1HeapRegionSize                         = 1048576                                   {product} {ergonomic}
    uintx GCDrainStackTargetSize                   = 64                                        {product} {ergonomic}
     bool HeapDumpOnOutOfMemoryError               = true                                   {manageable} {command line}
   size_t InitialHeapSize                          = 268435456                                 {product} {command line}
   size_t MarkStackSize                            = 4194304                                   {product} {ergonomic}
   size_t MaxHeapSize                              = 536870912                                 {product} {command line}
   size_t MaxMetaspaceSize                         = 268435456                                 {product} {command line}
   size_t MaxNewSize                               = 321912832                                 {product} {ergonomic}
   size_t MinHeapDeltaBytes                        = 1048576                                   {product} {ergonomic}
   size_t MinHeapSize                              = 268435456                                 {product} {command line}
    uintx NonNMethodCodeHeapSize                   = 5832780                                {pd product} {ergonomic}
    uintx NonProfiledCodeHeapSize                  = 122912730                              {pd product} {ergonomic}
    uintx ProfiledCodeHeapSize                     = 122912730                              {pd product} {ergonomic}
    uintx ReservedCodeCacheSize                    = 251658240                              {pd product} {ergonomic}
     bool SegmentedCodeCache                       = true                                      {product} {ergonomic}
   size_t SoftMaxHeapSize                          = 536870912                              {manageable} {ergonomic}
     bool UseCompressedClassPointers               = true                           {product lp64_product} {ergonomic}
     bool UseCompressedOops                        = true                           {product lp64_product} {ergonomic}
     bool UseG1GC                                  = true                                      {product} {ergonomic}
     bool UseLargePagesIndividualAllocation        = false                                  {pd product} {ergonomic}

Logging:
Log output configuration:
 #0: stdout all=warning uptime,level,tags
 #1: stderr all=off uptime,level,tags

Environment Variables:
PATH=C:\Program Files\Java\jdk-17.0.3.1\bin;C:\Program Files\Common Files\Oracle\Java\javapath;C:\Program Files (x86)\Common Files\Oracle\Java\javapath;C:\Windows\system32;C:\Windows;C:\Windows\System32\Wbem;C:\Windows\System32\WindowsPowerShell\v1.0\;C:\Windows\System32\OpenSSH\;C:\Users\Chathuni Madhusha\AppData\Local\Microsoft\WindowsApps;;C:\Users\Chathuni Madhusha\AppData\Local\Programs\Microsoft VS Code\bin
USERNAME=Chathuni Madhusha
OS=Windows_NT
PROCESSOR_IDENTIFIER=Intel64 Family 6 Model 61 Stepping 4, GenuineIntel



---------------  S Y S T E M  ---------------

OS:
 Windows 10 , 64 bit Build 19041 (10.0.19041.1706)
OS uptime: 0 days 4:00 hours

CPU: total 4 (initial active 4) (2 cores per cpu, 2 threads per core) family 6 model 61 stepping 4 microcode 0x2d, cx8, cmov, fxsr, ht, mmx, 3dnowpref, sse, sse2, sse3, ssse3, sse4.1, sse4.2, popcnt, lzcnt, tsc, tscinvbit, avx, avx2, aes, erms, clmul, bmi1, bmi2, adx, fma, vzeroupper, clflush

Memory: 4k page, system-wide physical 8107M (574M free)
TotalPageFile size 13122M (AvailPageFile size 0M)
current process WorkingSet (physical memory assigned to process): 385M, peak: 505M
current process commit charge ("private bytes"): 560M, peak: 565M

vm_info: Java HotSpot(TM) 64-Bit Server VM (17.0.3.1+2-LTS-6) for windows-amd64 JRE (17.0.3.1+2-LTS-6), built on Apr 25 2022 22:04:21 by "mach5one" with MS VC++ 16.8 / 16.9 (VS2019)

END.
